#
# There is insufficient memory for the Java Runtime Environment to continue.
# Native memory allocation (mmap) failed to map 65536 bytes for Failed to commit metaspace.
# Possible reasons:
#   The system is out of physical RAM or swap space
#   The process is running with CompressedOops enabled, and the Java Heap may be blocking the growth of the native heap
# Possible solutions:
#   Reduce memory load on the system
#   Increase physical memory or swap space
#   Check if swap backing store is full
#   Decrease Java heap size (-Xmx/-Xms)
#   Decrease number of Java threads
#   Decrease Java thread stack sizes (-Xss)
#   Set larger code cache with -XX:ReservedCodeCacheSize=
#   JVM is running with Zero Based Compressed Oops mode in which the Java heap is
#     placed in the first 32GB address space. The Java Heap base address is the
#     maximum limit for the native heap growth. Please use -XX:HeapBaseMinAddress
#     to set the Java Heap base and to place the Java Heap above 32GB virtual address.
# This output file may be truncated or incomplete.
#
#  Out of Memory Error (virtualSpaceNode.cpp:110), pid=13204, tid=29844
#
# JRE version: OpenJDK Runtime Environment (17.0.10) (build 17.0.10+0--11609105)
# Java VM: OpenJDK 64-Bit Server VM (17.0.10+0--11609105, mixed mode, tiered, compressed oops, compressed class ptrs, g1 gc, windows-amd64)
# No core dump will be written. Minidumps are not enabled by default on client versions of Windows
#

---------------  S U M M A R Y ------------

Command Line: -Dorg.gradle.appname=gradlew org.gradle.wrapper.GradleWrapperMain -q -Ptarget-platform=android-arm64 -Ptarget=C:\Users\egov-\Documents\eGov Projects\external\plotrol\lib\main.dart -Pbase-application-name=android.app.Application -Pdart-defines=Zmx1dHRlci5pbnNwZWN0b3Iuc3RydWN0dXJlZEVycm9ycz10cnVl,RkxVVFRFUl9XRUJfQ0FOVkFTS0lUX1VSTD1odHRwczovL3d3dy5nc3RhdGljLmNvbS9mbHV0dGVyLWNhbnZhc2tpdC9lZGQ4NTQ2MTE2NDU3YmRmMWM1YmRmYjEzZWNiOTQ2M2QyYmI1ZWQ0Lw==,RkxVVFRFUl9BUFBfRkxBVk9SPWRldg== -Pdart-obfuscation=false -Ptrack-widget-creation=true -Ptree-shake-icons=false -Pfilesystem-scheme=org-dartlang-root assembleDevDebug

Host: 12th Gen Intel(R) Core(TM) i7-1255U, 12 cores, 15G,  Windows 11 , 64 bit Build 26100 (10.0.26100.3775)
Time: Sun Apr 27 22:40:45 2025 India Standard Time elapsed time: 7.137754 seconds (0d 0h 0m 7s)

---------------  T H R E A D  ---------------

Current thread (0x0000015e3a711fa0):  JavaThread "main" [_thread_in_vm, id=29844, stack(0x0000002149900000,0x0000002149a00000)]

Stack: [0x0000002149900000,0x0000002149a00000]
Native frames: (J=compiled Java code, j=interpreted, Vv=VM code, C=native code)
V  [jvm.dll+0x688de9]
V  [jvm.dll+0x8423da]
V  [jvm.dll+0x84401e]
V  [jvm.dll+0x844683]
V  [jvm.dll+0x24be0f]
V  [jvm.dll+0x83d3bb]
V  [jvm.dll+0x62d4a6]
V  [jvm.dll+0x1c28ce]
V  [jvm.dll+0x62fe01]
V  [jvm.dll+0x62de46]
V  [jvm.dll+0x240ee0]
V  [jvm.dll+0x1ef4fb]
V  [jvm.dll+0x1e4e1c]
V  [jvm.dll+0x54dd1c]
V  [jvm.dll+0x7bb7a5]
V  [jvm.dll+0x7bb8be]
V  [jvm.dll+0x41628a]
V  [jvm.dll+0x41c429]
C  [java.dll+0x17ec]

Java frames: (J=compiled Java code, j=interpreted, Vv=VM code)
J 738  java.lang.ClassLoader.defineClass1(Ljava/lang/ClassLoader;Ljava/lang/String;[BIILjava/security/ProtectionDomain;Ljava/lang/String;)Ljava/lang/Class; java.base@17.0.10 (0 bytes) @ 0x0000015e4571d963 [0x0000015e4571d8a0+0x00000000000000c3]
J 906 c1 java.lang.ClassLoader.defineClass(Ljava/lang/String;[BIILjava/security/ProtectionDomain;)Ljava/lang/Class; java.base@17.0.10 (43 bytes) @ 0x0000015e3ddb33dc [0x0000015e3ddb3080+0x000000000000035c]
J 839 c1 java.security.SecureClassLoader.defineClass(Ljava/lang/String;[BIILjava/security/CodeSource;)Ljava/lang/Class; java.base@17.0.10 (16 bytes) @ 0x0000015e3dd9470c [0x0000015e3dd94640+0x00000000000000cc]
J 766 c1 java.net.URLClassLoader.defineClass(Ljava/lang/String;Ljdk/internal/loader/Resource;)Ljava/lang/Class; java.base@17.0.10 (224 bytes) @ 0x0000015e3dd6801c [0x0000015e3dd66540+0x0000000000001adc]
J 733 c1 java.net.URLClassLoader$1.run()Ljava/lang/Class; java.base@17.0.10 (81 bytes) @ 0x0000015e3dd5462c [0x0000015e3dd539a0+0x0000000000000c8c]
J 732 c1 java.net.URLClassLoader$1.run()Ljava/lang/Object; java.base@17.0.10 (5 bytes) @ 0x0000015e3dd534c4 [0x0000015e3dd53440+0x0000000000000084]
J 604 c1 java.security.AccessController.doPrivileged(Ljava/security/PrivilegedExceptionAction;Ljava/security/AccessControlContext;)Ljava/lang/Object; java.base@17.0.10 (26 bytes) @ 0x0000015e3dd01f7c [0x0000015e3dd01da0+0x00000000000001dc]
J 685 c1 java.net.URLClassLoader.findClass(Ljava/lang/String;)Ljava/lang/Class; java.base@17.0.10 (47 bytes) @ 0x0000015e3dd3d0a4 [0x0000015e3dd3cf00+0x00000000000001a4]
J 577 c1 java.lang.ClassLoader.loadClass(Ljava/lang/String;Z)Ljava/lang/Class; java.base@17.0.10 (121 bytes) @ 0x0000015e3dcf9b74 [0x0000015e3dcf95c0+0x00000000000005b4]
J 566 c1 java.lang.ClassLoader.loadClass(Ljava/lang/String;)Ljava/lang/Class; java.base@17.0.10 (7 bytes) @ 0x0000015e3dcf04cc [0x0000015e3dcf03c0+0x000000000000010c]
v  ~StubRoutines::call_stub
j  org.gradle.launcher.daemon.configuration.DaemonParameters.getEffectiveSystemProperties()Ljava/util/Map;+12
j  org.gradle.launcher.cli.BuildActionsFactory.createBuildActionParameters(Lorg/gradle/StartParameter;Lorg/gradle/launcher/daemon/configuration/DaemonParameters;)Lorg/gradle/launcher/exec/BuildActionParameters;+5
j  org.gradle.launcher.cli.BuildActionsFactory.runBuildAndCloseServices(Lorg/gradle/api/internal/StartParameterInternal;Lorg/gradle/launcher/daemon/configuration/DaemonParameters;Lorg/gradle/launcher/exec/BuildActionExecuter;Lorg/gradle/internal/service/ServiceRegistry;[Ljava/lang/Object;)Ljava/lang/Runnable;+3
j  org.gradle.launcher.cli.BuildActionsFactory.runBuildWithDaemon(Lorg/gradle/api/internal/StartParameterInternal;Lorg/gradle/launcher/daemon/configuration/DaemonParameters;)Ljava/lang/Runnable;+69
j  org.gradle.launcher.cli.BuildActionsFactory.createAction(Lorg/gradle/cli/CommandLineParser;Lorg/gradle/cli/ParsedCommandLine;)Lorg/gradle/api/Action;+163
j  org.gradle.launcher.cli.DefaultCommandLineActionFactory$ParseAndBuildAction.createAction(Lorg/gradle/cli/CommandLineParser;Lorg/gradle/cli/ParsedCommandLine;)Lorg/gradle/api/Action;+46
j  org.gradle.launcher.cli.DefaultCommandLineActionFactory$ParseAndBuildAction.execute(Lorg/gradle/launcher/bootstrap/ExecutionListener;)V+37
j  org.gradle.launcher.cli.DefaultCommandLineActionFactory$ParseAndBuildAction.execute(Ljava/lang/Object;)V+5
j  org.gradle.launcher.cli.DebugLoggerWarningAction.execute(Lorg/gradle/launcher/bootstrap/ExecutionListener;)V+9
j  org.gradle.launcher.cli.DebugLoggerWarningAction.execute(Ljava/lang/Object;)V+5
j  org.gradle.launcher.cli.WelcomeMessageAction.execute(Lorg/gradle/launcher/bootstrap/ExecutionListener;)V+218
j  org.gradle.launcher.cli.WelcomeMessageAction.execute(Ljava/lang/Object;)V+5
j  org.gradle.launcher.cli.NativeServicesInitializingAction.execute(Lorg/gradle/launcher/bootstrap/ExecutionListener;)V+35
j  org.gradle.launcher.cli.NativeServicesInitializingAction.execute(Ljava/lang/Object;)V+5
j  org.gradle.launcher.cli.ExceptionReportingAction.execute(Lorg/gradle/launcher/bootstrap/ExecutionListener;)V+5
j  org.gradle.launcher.cli.ExceptionReportingAction.execute(Ljava/lang/Object;)V+5
j  org.gradle.launcher.cli.DefaultCommandLineActionFactory$WithLogging.execute(Lorg/gradle/launcher/bootstrap/ExecutionListener;)V+299
j  org.gradle.launcher.Main.doAction([Ljava/lang/String;Lorg/gradle/launcher/bootstrap/ExecutionListener;)V+14
j  org.gradle.launcher.bootstrap.EntryPoint.run([Ljava/lang/String;)V+12
v  ~StubRoutines::call_stub
j  jdk.internal.reflect.NativeMethodAccessorImpl.invoke0(Ljava/lang/reflect/Method;Ljava/lang/Object;[Ljava/lang/Object;)Ljava/lang/Object;+0 java.base@17.0.10
j  jdk.internal.reflect.NativeMethodAccessorImpl.invoke(Ljava/lang/Object;[Ljava/lang/Object;)Ljava/lang/Object;+133 java.base@17.0.10
j  jdk.internal.reflect.DelegatingMethodAccessorImpl.invoke(Ljava/lang/Object;[Ljava/lang/Object;)Ljava/lang/Object;+6 java.base@17.0.10
j  java.lang.reflect.Method.invoke(Ljava/lang/Object;[Ljava/lang/Object;)Ljava/lang/Object;+59 java.base@17.0.10
j  org.gradle.launcher.bootstrap.ProcessBootstrap.runNoExit(Ljava/lang/String;[Ljava/lang/String;)V+159
j  org.gradle.launcher.bootstrap.ProcessBootstrap.run(Ljava/lang/String;[Ljava/lang/String;)V+2
v  ~StubRoutines::call_stub
j  jdk.internal.reflect.NativeMethodAccessorImpl.invoke0(Ljava/lang/reflect/Method;Ljava/lang/Object;[Ljava/lang/Object;)Ljava/lang/Object;+0 java.base@17.0.10
j  jdk.internal.reflect.NativeMethodAccessorImpl.invoke(Ljava/lang/Object;[Ljava/lang/Object;)Ljava/lang/Object;+133 java.base@17.0.10
j  jdk.internal.reflect.DelegatingMethodAccessorImpl.invoke(Ljava/lang/Object;[Ljava/lang/Object;)Ljava/lang/Object;+6 java.base@17.0.10
j  java.lang.reflect.Method.invoke(Ljava/lang/Object;[Ljava/lang/Object;)Ljava/lang/Object;+59 java.base@17.0.10
j  org.gradle.launcher.GradleMain.main([Ljava/lang/String;)V+100
v  ~StubRoutines::call_stub
j  jdk.internal.reflect.NativeMethodAccessorImpl.invoke0(Ljava/lang/reflect/Method;Ljava/lang/Object;[Ljava/lang/Object;)Ljava/lang/Object;+0 java.base@17.0.10
j  jdk.internal.reflect.NativeMethodAccessorImpl.invoke(Ljava/lang/Object;[Ljava/lang/Object;)Ljava/lang/Object;+133 java.base@17.0.10
j  jdk.internal.reflect.DelegatingMethodAccessorImpl.invoke(Ljava/lang/Object;[Ljava/lang/Object;)Ljava/lang/Object;+6 java.base@17.0.10
j  java.lang.reflect.Method.invoke(Ljava/lang/Object;[Ljava/lang/Object;)Ljava/lang/Object;+59 java.base@17.0.10
j  org.gradle.wrapper.BootstrapMainStarter.start([Ljava/lang/String;Ljava/io/File;)V+82
j  org.gradle.wrapper.WrapperExecutor.execute([Ljava/lang/String;Lorg/gradle/wrapper/Install;Lorg/gradle/wrapper/BootstrapMainStarter;)V+14
j  org.gradle.wrapper.GradleWrapperMain.main([Ljava/lang/String;)V+190
v  ~StubRoutines::call_stub

Compiled method (n/a)    7191  738     n 0       java.lang.ClassLoader::defineClass1 (native)
 total in heap  [0x0000015e4571d710,0x0000015e4571dbf0] = 1248
 relocation     [0x0000015e4571d868,0x0000015e4571d8a0] = 56
 main code      [0x0000015e4571d8a0,0x0000015e4571dbf0] = 848

[Constant Pool (empty)]

[MachCode]
[Entry Point]
  # {method} {0x0000015e5a024f38} 'defineClass1' '(Ljava/lang/ClassLoader;Ljava/lang/String;[BIILjava/security/ProtectionDomain;Ljava/lang/String;)Ljava/lang/Class;' in 'java/lang/ClassLoader'
  # parm0:    rdx:rdx   = 'java/lang/ClassLoader'
  # parm1:    r8:r8     = 'java/lang/String'
  # parm2:    r9:r9     = '[B'
  # parm3:    rdi       = int
  # parm4:    rsi       = int
  # parm5:    rcx:rcx   = 'java/security/ProtectionDomain'
  # parm6:    [sp+0xa0]   = 'java/lang/String'  (sp of caller)
  0x0000015e4571d8a0: 448b 5208 | 49bb 0000 | 0000 0800 | 0000 4d03 | d349 3bc2 | 0f84 0600 

  0x0000015e4571d8b8: ;   {runtime_call ic_miss_stub}
  0x0000015e4571d8b8: 0000 e9c1 | 37a7 ff90 
[Verified Entry Point]
  0x0000015e4571d8c0: 8984 2400 | 90ff ff55 | 488b ec48 | 81ec 9000 | 0000 4881 | 7d10 0000 | 0000 488d | 4510 480f 
  0x0000015e4571d8e0: 4445 1048 | 8944 2440 | 4889 4c24 | 7048 83f9 | 0048 8d44 | 2470 480f | 4444 2470 | 4889 4424 
  0x0000015e4571d900: 3848 8974 | 2430 4889 | 7c24 284c | 894c 2458 | 4983 f900 | 488d 4424 | 5848 0f44 | 4424 5848 
  0x0000015e4571d920: 8944 2420 | 4c89 4424 | 5049 83f8 | 004c 8d4c | 2450 4c0f | 444c 2450 | 4889 5424 | 4848 83fa 
  0x0000015e4571d940: 004c 8d44 | 2448 4c0f | 4444 2448 

  0x0000015e4571d94c: ;   {oop(a 'java/lang/Class'{0x0000000713650828} = 'java/lang/ClassLoader')}
  0x0000015e4571d94c: 49be 2808 | 6513 0700 | 0000 4c89 | 7424 784c | 8d74 2478 | 498b d6c5 

  0x0000015e4571d964: ;   {internal_word}
  0x0000015e4571d964: f877 49ba | 63d9 7145 | 5e01 0000 | 4d89 97a0 | 0200 0049 | 89a7 9802 

  0x0000015e4571d97c: ;   {external_word}
  0x0000015e4571d97c: 0000 49ba | 8839 65bb | fa7f 0000 | 4180 3a00 | 0f84 5200 | 0000 5241 

  0x0000015e4571d994: ;   {metadata({method} {0x0000015e5a024f38} 'defineClass1' '(Ljava/lang/ClassLoader;Ljava/lang/String;[BIILjava/security/ProtectionDomain;Ljava/lang/String;)Ljava/lang/Class;' in 'java/lang/ClassLoader')}
  0x0000015e4571d994: 5041 5148 | ba30 4f02 | 5a5e 0100 | 0049 8bcf | 4883 ec20 | f7c4 0f00 | 0000 0f84 | 1a00 0000 
  0x0000015e4571d9b4: 4883 ec08 

  0x0000015e4571d9b8: ;   {runtime_call}
  0x0000015e4571d9b8: 49ba 10f3 | 1abb fa7f | 0000 41ff | d248 83c4 | 08e9 0d00 

  0x0000015e4571d9cc: ;   {runtime_call}
  0x0000015e4571d9cc: 0000 49ba | 10f3 1abb | fa7f 0000 | 41ff d248 | 83c4 2041 | 5941 585a | 498d 8fb8 | 0200 0041 
  0x0000015e4571d9ec: c787 4803 | 0000 0400 

  0x0000015e4571d9f4: ;   {runtime_call}
  0x0000015e4571d9f4: 0000 49ba | ac16 f126 | fb7f 0000 | 41ff d2c5 | f877 41c7 | 8748 0300 | 0005 0000 | 00f0 8344 
  0x0000015e4571da14: 24c0 0049 | 3baf 5003 | 0000 0f87 | 1100 0000 | 4181 bf38 | 0300 0000 | 0000 000f | 842c 0000 
  0x0000015e4571da34: 00c5 f877 | 4889 45f8 | 498b cf4c | 8be4 4883 | ec20 4883 

  0x0000015e4571da48: ;   {runtime_call}
  0x0000015e4571da48: e4f0 49ba | 3011 2bbb | fa7f 0000 | 41ff d249 | 8be4 4d33 | e448 8b45 | f841 c787 | 4803 0000 
  0x0000015e4571da68: 0800 0000 | 4181 bfb8 | 0300 0002 | 0000 000f | 843f 0100 

  0x0000015e4571da7c: ;   {external_word}
  0x0000015e4571da7c: 0049 ba88 | 3965 bbfa | 7f00 0041 | 803a 000f | 8450 0000 | 0048 8945 

  0x0000015e4571da94: ;   {metadata({method} {0x0000015e5a024f38} 'defineClass1' '(Ljava/lang/ClassLoader;Ljava/lang/String;[BIILjava/security/ProtectionDomain;Ljava/lang/String;)Ljava/lang/Class;' in 'java/lang/ClassLoader')}
  0x0000015e4571da94: f848 ba30 | 4f02 5a5e | 0100 0049 | 8bcf 4883 | ec20 f7c4 | 0f00 0000 | 0f84 1a00 | 0000 4883 
  0x0000015e4571dab4: ;   {runtime_call}
  0x0000015e4571dab4: ec08 49ba | 10f3 1abb | fa7f 0000 | 41ff d248 | 83c4 08e9 | 0d00 0000 

  0x0000015e4571dacc: ;   {runtime_call}
  0x0000015e4571dacc: 49ba 10f3 | 1abb fa7f | 0000 41ff | d248 83c4 | 2048 8b45 | f849 c787 | 9802 0000 | 0000 0000 
  0x0000015e4571daec: 49c7 87a0 | 0200 0000 | 0000 00c5 | f877 4885 | c00f 8493 | 0000 0048 | f7c0 0100 | 0000 0f84 
  0x0000015e4571db0c: 8300 0000 | 488b 40ff | 4180 7f38 | 000f 846f | 0000 0048 | 83f8 000f | 8465 0000 | 0049 8b4f 
  0x0000015e4571db2c: 2048 83f9 | 000f 8414 | 0000 0048 | 83e9 0849 | 894f 2049 | 034f 3048 | 8901 e943 | 0000 0050 
  0x0000015e4571db4c: 498b d748 | 8bc8 4883 | ec20 f7c4 | 0f00 0000 | 0f84 1a00 | 0000 4883 

  0x0000015e4571db64: ;   {runtime_call}
  0x0000015e4571db64: ec08 49ba | 908f d9ba | fa7f 0000 | 41ff d248 | 83c4 08e9 | 0d00 0000 

  0x0000015e4571db7c: ;   {runtime_call}
  0x0000015e4571db7c: 49ba 908f | d9ba fa7f | 0000 41ff | d248 83c4 | 2058 e903 | 0000 0048 | 8b00 498b | 8fd8 0000 
  0x0000015e4571db9c: 00c7 8100 | 0100 0000 | 0000 00c9 | 4981 7f08 | 0000 0000 | 0f85 0100 

  0x0000015e4571dbb4: ;   {runtime_call StubRoutines (1)}
  0x0000015e4571dbb4: 0000 c3e9 | 4433 a2ff | c5f8 7748 | 8945 f84c | 8be4 4883 | ec20 4883 

  0x0000015e4571dbcc: ;   {runtime_call}
  0x0000015e4571dbcc: e4f0 49ba | 9023 1bbb | fa7f 0000 | 41ff d249 | 8be4 4d33 | e448 8b45 | f8e9 93fe | ffff f4f4 
  0x0000015e4571dbec: f4f4 f4f4 
[/MachCode]


Compiled method (c1)    7199  906       3       java.lang.ClassLoader::defineClass (43 bytes)
 total in heap  [0x0000015e3ddb2e90,0x0000015e3ddb37c8] = 2360
 relocation     [0x0000015e3ddb2fe8,0x0000015e3ddb3078] = 144
 main code      [0x0000015e3ddb3080,0x0000015e3ddb3520] = 1184
 stub code      [0x0000015e3ddb3520,0x0000015e3ddb3598] = 120
 metadata       [0x0000015e3ddb3598,0x0000015e3ddb35c8] = 48
 scopes data    [0x0000015e3ddb35c8,0x0000015e3ddb36b8] = 240
 scopes pcs     [0x0000015e3ddb36b8,0x0000015e3ddb3798] = 224
 dependencies   [0x0000015e3ddb3798,0x0000015e3ddb37a0] = 8
 nul chk table  [0x0000015e3ddb37a0,0x0000015e3ddb37c8] = 40

[Constant Pool (empty)]

[MachCode]
[Entry Point]
  # {method} {0x0000015e5a024d18} 'defineClass' '(Ljava/lang/String;[BIILjava/security/ProtectionDomain;)Ljava/lang/Class;' in 'java/lang/ClassLoader'
  # this:     rdx:rdx   = 'java/lang/ClassLoader'
  # parm0:    r8:r8     = 'java/lang/String'
  # parm1:    r9:r9     = '[B'
  # parm2:    rdi       = int
  # parm3:    rsi       = int
  # parm4:    rcx:rcx   = 'java/security/ProtectionDomain'
  #           [sp+0xc0]  (sp of caller)
  0x0000015e3ddb3080: 448b 5208 | 49bb 0000 | 0000 0800 | 0000 4d03 | d34c 3bd0 

  0x0000015e3ddb3094: ;   {runtime_call ic_miss_stub}
  0x0000015e3ddb3094: 0f85 e6df | 3d07 660f | 1f44 0000 
[Verified Entry Point]
  0x0000015e3ddb30a0: 8984 2400 | 90ff ff55 | 4881 ecb0 | 0000 0048 | 8954 2478 

  0x0000015e3ddb30b4: ;   {metadata(method data for {method} {0x0000015e5a024d18} 'defineClass' '(Ljava/lang/String;[BIILjava/security/ProtectionDomain;)Ljava/lang/Class;' in 'java/lang/ClassLoader')}
  0x0000015e3ddb30b4: 48bb 80e8 | 985a 5e01 | 0000 8b83 | cc00 0000 | 83c0 0289 | 83cc 0000 | 0081 e0fe | 0700 0083 
  0x0000015e3ddb30d4: f800 0f84 | 5603 0000 | 89b4 2494 | 0000 0089 | bc24 9000 | 0000 4c89 | 8c24 8800 | 0000 488b 
  0x0000015e3ddb30f4: ;   {metadata(method data for {method} {0x0000015e5a024d18} 'defineClass' '(Ljava/lang/String;[BIILjava/security/ProtectionDomain;)Ljava/lang/Class;' in 'java/lang/ClassLoader')}
  0x0000015e3ddb30f4: da48 b880 | e898 5a5e | 0100 0048 | 8380 1001 | 0000 0149 | 8bd8 4c8b | c34c 8bc9 | 488b ca48 
  0x0000015e3ddb3114: 8bd1 4889 | 9c24 8000 

  0x0000015e3ddb311c: ;   {optimized virtual_call}
  0x0000015e3ddb311c: 0000 90e8 

  0x0000015e3ddb3120: ; ImmutableOopMap {[120]=Oop [136]=Oop [128]=Oop }
                      ;*invokevirtual preDefineClass {reexecute=0 rethrow=0 return_oop=0}
                      ; - java.lang.ClassLoader::defineClass@4 (line 1015)
  0x0000015e3ddb3120: 7c6f feff | 4889 8424 | 9800 0000 | 488b 5424 

  0x0000015e3ddb3130: ;   {metadata(method data for {method} {0x0000015e5a024d18} 'defineClass' '(Ljava/lang/String;[BIILjava/security/ProtectionDomain;)Ljava/lang/Class;' in 'java/lang/ClassLoader')}
  0x0000015e3ddb3130: 7849 b880 | e898 5a5e | 0100 0049 | 8380 4801 

  0x0000015e3ddb3140: ;   {metadata(method data for {method} {0x0000015e5a024ae0} 'defineClassSourceLocation' '(Ljava/security/ProtectionDomain;)Ljava/lang/String;' in 'java/lang/ClassLoader')}
  0x0000015e3ddb3140: 0000 0149 | b888 b09c | 5a5e 0100 | 0041 8b90 | cc00 0000 | 83c2 0241 | 8990 cc00 | 0000 81e2 
  0x0000015e3ddb3160: feff 1f00 | 83fa 000f | 84e6 0200 | 0048 3b00 

  0x0000015e3ddb3170: ;   {metadata(method data for {method} {0x0000015e5a024ae0} 'defineClassSourceLocation' '(Ljava/security/ProtectionDomain;)Ljava/lang/String;' in 'java/lang/ClassLoader')}
  0x0000015e3ddb3170: 4c8b c048 | ba88 b09c | 5a5e 0100 | 0048 8382 | 1001 0000 | 0144 8b40 | 1049 c1e0 | 0349 83f8 
  0x0000015e3ddb3190: ;   {metadata(method data for {method} {0x0000015e5a024ae0} 'defineClassSourceLocation' '(Ljava/security/ProtectionDomain;)Ljava/lang/String;' in 'java/lang/ClassLoader')}
  0x0000015e3ddb3190: 0048 ba88 | b09c 5a5e | 0100 0048 | be58 0100 | 0000 0000 | 000f 850a | 0000 0048 | be48 0100 
  0x0000015e3ddb31b0: 0000 0000 | 0048 8b3c | 3248 8d7f | 0148 893c | 320f 850f 

  0x0000015e3ddb31c4: ;   {oop(NULL)}
  0x0000015e3ddb31c4: 0000 0048 | bb00 0000 | 0000 0000 | 00e9 b101 | 0000 493b | 0049 8bd0 

  0x0000015e3ddb31dc: ;   {metadata(method data for {method} {0x0000015e5a024ae0} 'defineClassSourceLocation' '(Ljava/security/ProtectionDomain;)Ljava/lang/String;' in 'java/lang/ClassLoader')}
  0x0000015e3ddb31dc: 48be 88b0 | 9c5a 5e01 | 0000 4883 | 8668 0100 | 0001 418b | 500c 48c1 | e203 4883 

  0x0000015e3ddb31f8: ;   {metadata(method data for {method} {0x0000015e5a024ae0} 'defineClassSourceLocation' '(Ljava/security/ProtectionDomain;)Ljava/lang/String;' in 'java/lang/ClassLoader')}
  0x0000015e3ddb31f8: fa00 48be | 88b0 9c5a | 5e01 0000 | 48bf b001 | 0000 0000 | 0000 0f85 | 0a00 0000 | 48bf a001 
  0x0000015e3ddb3218: 0000 0000 | 0000 488b | 1c3e 488d | 5b01 4889 | 1c3e 0f85 | 0f00 0000 

  0x0000015e3ddb3230: ;   {oop(NULL)}
  0x0000015e3ddb3230: 48bb 0000 | 0000 0000 | 0000 e948 

  0x0000015e3ddb323c: ;   {metadata(method data for {method} {0x0000015e5a024ae0} 'defineClassSourceLocation' '(Ljava/security/ProtectionDomain;)Ljava/lang/String;' in 'java/lang/ClassLoader')}
  0x0000015e3ddb323c: 0100 0048 | be88 b09c | 5a5e 0100 | 0048 8386 | c001 0000 | 0148 3b02 

  0x0000015e3ddb3254: ;   {metadata(method data for {method} {0x0000015e5a024ae0} 'defineClassSourceLocation' '(Ljava/security/ProtectionDomain;)Ljava/lang/String;' in 'java/lang/ClassLoader')}
  0x0000015e3ddb3254: 4c8b c248 | be88 b09c | 5a5e 0100 | 0048 8386 | f801 0000 

  0x0000015e3ddb3268: ;   {metadata(method data for {method} {0x0000015e5a0e87e8} 'toString' '()Ljava/lang/String;' in 'java/net/URL')}
  0x0000015e3ddb3268: 0149 b818 | 5d78 5a5e | 0100 0041 | 8bb0 cc00 | 0000 83c6 | 0241 89b0 | cc00 0000 | 81e6 feff 
  0x0000015e3ddb3288: 1f00 83fe | 000f 84f0 | 0100 004c 

  0x0000015e3ddb3294: ;   {metadata(method data for {method} {0x0000015e5a0e87e8} 'toString' '()Ljava/lang/String;' in 'java/net/URL')}
  0x0000015e3ddb3294: 8bc2 48be | 185d 785a | 5e01 0000 | 4883 8610 | 0100 0001 

  0x0000015e3ddb32a8: ;   {metadata(method data for {method} {0x0000015e5a0e88a0} 'toExternalForm' '()Ljava/lang/String;' in 'java/net/URL')}
  0x0000015e3ddb32a8: 49b8 a05e | 785a 5e01 | 0000 418b | b0cc 0000 | 0083 c602 | 4189 b0cc | 0000 0081 | e6fe ff1f 
  0x0000015e3ddb32c8: 0083 fe00 | 0f84 d201 | 0000 8b72 | 3848 c1e6 | 0348 3b06 

  0x0000015e3ddb32dc: ;   {metadata(method data for {method} {0x0000015e5a0e88a0} 'toExternalForm' '()Ljava/lang/String;' in 'java/net/URL')}
  0x0000015e3ddb32dc: 4c8b c648 | bfa0 5e78 | 5a5e 0100 | 0045 8b40 | 0849 ba00 | 0000 0008 | 0000 004d | 03c2 4c3b 
  0x0000015e3ddb32fc: 8720 0100 | 0075 0d48 | 8387 2801 | 0000 01e9 | 6600 0000 | 4c3b 8730 | 0100 0075 | 0d48 8387 
  0x0000015e3ddb331c: 3801 0000 | 01e9 5000 | 0000 4881 | bf20 0100 | 0000 0000 | 0075 174c | 8987 2001 | 0000 48c7 
  0x0000015e3ddb333c: 8728 0100 | 0001 0000 | 00e9 2c00 | 0000 4881 | bf30 0100 | 0000 0000 | 0075 174c | 8987 3001 
  0x0000015e3ddb335c: 0000 48c7 | 8738 0100 | 0001 0000 | 00e9 0800 | 0000 4883 | 8710 0100 | 0001 4c8b | c248 8bd6 
  0x0000015e3ddb337c: ;   {optimized virtual_call}
  0x0000015e3ddb337c: 6666 90e8 

  0x0000015e3ddb3380: ; ImmutableOopMap {[120]=Oop [136]=Oop [128]=Oop [152]=Oop }
                      ;*invokevirtual toExternalForm {reexecute=0 rethrow=0 return_oop=0}
                      ; - java.net.URL::toExternalForm@5 (line 1039)
                      ; - java.net.URL::toString@1 (line 1025)
                      ; - java.lang.ClassLoader::defineClassSourceLocation@22 (line 917)
                      ; - java.lang.ClassLoader::defineClass@12 (line 1016)
  0x0000015e3ddb3380: 3cb6 f9ff | 488b d848 | 8b84 2498 | 0000 008b | b424 9400 | 0000 8bbc | 2490 0000 | 004c 8b8c 
  0x0000015e3ddb33a0: 2488 0000 | 004c 8b84 | 2480 0000 | 0048 8b54 

  0x0000015e3ddb33b0: ;   {metadata(method data for {method} {0x0000015e5a024d18} 'defineClass' '(Ljava/lang/String;[BIILjava/security/ProtectionDomain;)Ljava/lang/Class;' in 'java/lang/ClassLoader')}
  0x0000015e3ddb33b0: 2478 48b9 | 80e8 985a | 5e01 0000 | 4883 8180 | 0100 0001 | 4c8b da49 | 8bd3 488b | c848 891c 
  0x0000015e3ddb33d0: 2466 0f1f 

  0x0000015e3ddb33d4: ;   {static_call}
  0x0000015e3ddb33d4: 4400 00e8 

  0x0000015e3ddb33d8: ; ImmutableOopMap {[152]=Oop [120]=Oop }
                      ;*invokestatic defineClass1 {reexecute=0 rethrow=0 return_oop=0}
                      ; - java.lang.ClassLoader::defineClass@27 (line 1017)
  0x0000015e3ddb33d8: e4a4 9607 | 488b 5424 

  0x0000015e3ddb33e0: ;   {metadata(method data for {method} {0x0000015e5a024d18} 'defineClass' '(Ljava/lang/String;[BIILjava/security/ProtectionDomain;)Ljava/lang/Class;' in 'java/lang/ClassLoader')}
  0x0000015e3ddb33e0: 7849 b880 | e898 5a5e | 0100 0049 | 8380 9001 | 0000 014c | 8bc0 4c8b | 8c24 9800 | 0000 488b 
  0x0000015e3ddb3400: 5424 7848 | 8984 24a0 | 0000 000f 

  0x0000015e3ddb340c: ;   {optimized virtual_call}
  0x0000015e3ddb340c: 1f40 00e8 

  0x0000015e3ddb3410: ; ImmutableOopMap {[160]=Oop }
                      ;*invokevirtual postDefineClass {reexecute=0 rethrow=0 return_oop=0}
                      ; - java.lang.ClassLoader::defineClass@37 (line 1018)
  0x0000015e3ddb3410: 0ceb fbff | 488b 8424 | a000 0000 | 4881 c4b0 | 0000 005d 

  0x0000015e3ddb3424: ;   {poll_return}
  0x0000015e3ddb3424: 493b a750 | 0300 000f | 8799 0000 

  0x0000015e3ddb3430: ;   {metadata({method} {0x0000015e5a024d18} 'defineClass' '(Ljava/lang/String;[BIILjava/security/ProtectionDomain;)Ljava/lang/Class;' in 'java/lang/ClassLoader')}
  0x0000015e3ddb3430: 00c3 49ba | 104d 025a | 5e01 0000 | 4c89 5424 | 0848 c704 | 24ff ffff 

  0x0000015e3ddb3448: ;   {runtime_call counter_overflow Runtime1 stub}
  0x0000015e3ddb3448: ffe8 3275 

  0x0000015e3ddb344c: ; ImmutableOopMap {rdx=Oop [120]=Oop r8=Oop r9=Oop rcx=Oop }
                      ;*synchronization entry
                      ; - java.lang.ClassLoader::defineClass@-1 (line 1015)
  0x0000015e3ddb344c: 4807 e989 

  0x0000015e3ddb3450: ;   {metadata({method} {0x0000015e5a024ae0} 'defineClassSourceLocation' '(Ljava/security/ProtectionDomain;)Ljava/lang/String;' in 'java/lang/ClassLoader')}
  0x0000015e3ddb3450: fcff ff49 | bad8 4a02 | 5a5e 0100 | 004c 8954 | 2408 48c7 | 0424 ffff 

  0x0000015e3ddb3468: ;   {runtime_call counter_overflow Runtime1 stub}
  0x0000015e3ddb3468: ffff e811 

  0x0000015e3ddb346c: ; ImmutableOopMap {[120]=Oop [136]=Oop [128]=Oop rax=Oop [152]=Oop }
                      ;*synchronization entry
                      ; - java.lang.ClassLoader::defineClassSourceLocation@-1 (line 914)
                      ; - java.lang.ClassLoader::defineClass@12 (line 1016)
  0x0000015e3ddb346c: 7548 07e9 | f9fc ffff 

  0x0000015e3ddb3474: ;   {runtime_call throw_null_pointer_exception Runtime1 stub}
  0x0000015e3ddb3474: e827 2448 

  0x0000015e3ddb3478: ; ImmutableOopMap {[120]=Oop [136]=Oop [128]=Oop rax=Oop [152]=Oop }
                      ;*invokevirtual getCodeSource {reexecute=0 rethrow=0 return_oop=0}
                      ; - java.lang.ClassLoader::defineClassSourceLocation@1 (line 914)
                      ; - java.lang.ClassLoader::defineClass@12 (line 1016)
                      ;   {runtime_call throw_null_pointer_exception Runtime1 stub}
  0x0000015e3ddb3478: 07e8 2224 

  0x0000015e3ddb347c: ; ImmutableOopMap {[120]=Oop [136]=Oop [128]=Oop rax=Oop [152]=Oop r8=Oop }
                      ;*invokevirtual getLocation {reexecute=0 rethrow=0 return_oop=0}
                      ; - java.lang.ClassLoader::defineClassSourceLocation@12 (line 916)
                      ; - java.lang.ClassLoader::defineClass@12 (line 1016)
                      ;   {runtime_call throw_null_pointer_exception Runtime1 stub}
  0x0000015e3ddb347c: 4807 e81d 

  0x0000015e3ddb3480: ; ImmutableOopMap {[120]=Oop [136]=Oop [128]=Oop [152]=Oop rdx=Oop }
                      ;*invokevirtual toString {reexecute=0 rethrow=0 return_oop=0}
                      ; - java.lang.ClassLoader::defineClassSourceLocation@22 (line 917)
                      ; - java.lang.ClassLoader::defineClass@12 (line 1016)
                      ;   {metadata({method} {0x0000015e5a0e87e8} 'toString' '()Ljava/lang/String;' in 'java/net/URL')}
  0x0000015e3ddb3480: 2448 0749 | bae0 870e | 5a5e 0100 | 004c 8954 | 2408 48c7 | 0424 ffff 

  0x0000015e3ddb3498: ;   {runtime_call counter_overflow Runtime1 stub}
  0x0000015e3ddb3498: ffff e8e1 

  0x0000015e3ddb349c: ; ImmutableOopMap {[120]=Oop [136]=Oop [128]=Oop [152]=Oop rdx=Oop }
                      ;*synchronization entry
                      ; - java.net.URL::toString@-1 (line 1025)
                      ; - java.lang.ClassLoader::defineClassSourceLocation@22 (line 917)
                      ; - java.lang.ClassLoader::defineClass@12 (line 1016)
  0x0000015e3ddb349c: 7448 07e9 | effd ffff 

  0x0000015e3ddb34a4: ;   {metadata({method} {0x0000015e5a0e88a0} 'toExternalForm' '()Ljava/lang/String;' in 'java/net/URL')}
  0x0000015e3ddb34a4: 49ba 9888 | 0e5a 5e01 | 0000 4c89 | 5424 0848 | c704 24ff 

  0x0000015e3ddb34b8: ;   {runtime_call counter_overflow Runtime1 stub}
  0x0000015e3ddb34b8: ffff ffe8 

  0x0000015e3ddb34bc: ; ImmutableOopMap {[120]=Oop [136]=Oop [128]=Oop [152]=Oop rdx=Oop }
                      ;*synchronization entry
                      ; - java.net.URL::toExternalForm@-1 (line 1039)
                      ; - java.net.URL::toString@1 (line 1025)
                      ; - java.lang.ClassLoader::defineClassSourceLocation@22 (line 917)
                      ; - java.lang.ClassLoader::defineClass@12 (line 1016)
  0x0000015e3ddb34bc: c074 4807 | e90d feff 

  0x0000015e3ddb34c4: ;   {runtime_call throw_null_pointer_exception Runtime1 stub}
  0x0000015e3ddb34c4: ffe8 d623 

  0x0000015e3ddb34c8: ; ImmutableOopMap {[120]=Oop [136]=Oop [128]=Oop [152]=Oop rdx=Oop rsi=Oop }
                      ;*invokevirtual toExternalForm {reexecute=0 rethrow=0 return_oop=0}
                      ; - java.net.URL::toExternalForm@5 (line 1039)
                      ; - java.net.URL::toString@1 (line 1025)
                      ; - java.lang.ClassLoader::defineClassSourceLocation@22 (line 917)
                      ; - java.lang.ClassLoader::defineClass@12 (line 1016)
                      ;   {internal_word}
  0x0000015e3ddb34c8: 4807 49ba | 2434 db3d | 5e01 0000 | 4d89 9768 

  0x0000015e3ddb34d8: ;   {runtime_call SafepointBlob}
  0x0000015e3ddb34d8: 0300 00e9 | 2045 3e07 | 9090 498b | 87e0 0300 | 0049 c787 | e003 0000 | 0000 0000 | 49c7 87e8 
  0x0000015e3ddb34f8: 0300 0000 | 0000 0048 | 81c4 b000 

  0x0000015e3ddb3504: ;   {runtime_call unwind_exception Runtime1 stub}
  0x0000015e3ddb3504: 0000 5de9 | f443 3f07 | f4f4 f4f4 | f4f4 f4f4 | f4f4 f4f4 | f4f4 f4f4 | f4f4 f4f4 
[Stub Code]
  0x0000015e3ddb3520: ;   {no_reloc}
  0x0000015e3ddb3520: 0f1f 4400 

  0x0000015e3ddb3524: ;   {static_stub}
  0x0000015e3ddb3524: 0048 bb00 | 0000 0000 

  0x0000015e3ddb352c: ;   {runtime_call}
  0x0000015e3ddb352c: 0000 00e9 | fbff ffff 

  0x0000015e3ddb3534: ;   {static_stub}
  0x0000015e3ddb3534: 9048 bb00 | 0000 0000 

  0x0000015e3ddb353c: ;   {runtime_call}
  0x0000015e3ddb353c: 0000 00e9 | fbff ffff 

  0x0000015e3ddb3544: ;   {static_stub}
  0x0000015e3ddb3544: 9048 bb00 | 0000 0000 

  0x0000015e3ddb354c: ;   {runtime_call}
  0x0000015e3ddb354c: 0000 00e9 | fbff ffff 

  0x0000015e3ddb3554: ;   {static_stub}
  0x0000015e3ddb3554: 9048 bb00 | 0000 0000 

  0x0000015e3ddb355c: ;   {runtime_call}
  0x0000015e3ddb355c: 0000 00e9 | fbff ffff 
[Exception Handler]
  0x0000015e3ddb3564: ;   {runtime_call handle_exception_from_callee Runtime1 stub}
  0x0000015e3ddb3564: e817 4148 

  0x0000015e3ddb3568: ;   {external_word}
  0x0000015e3ddb3568: 0748 b9a0 | 7d3f bbfa | 7f00 0048 

  0x0000015e3ddb3574: ;   {runtime_call}
  0x0000015e3ddb3574: 83e4 f049 | baf0 e407 | bbfa 7f00 | 0041 ffd2 

  0x0000015e3ddb3584: ;   {section_word}
  0x0000015e3ddb3584: f449 ba85 | 35db 3d5e | 0100 0041 

  0x0000015e3ddb3590: ;   {runtime_call DeoptimizationBlob}
  0x0000015e3ddb3590: 52e9 0a37 | 3e07 f4f4 
[/MachCode]


Compiled method (c1)    7208  839       3       java.security.SecureClassLoader::defineClass (16 bytes)
 total in heap  [0x0000015e3dd94490,0x0000015e3dd94880] = 1008
 relocation     [0x0000015e3dd945e8,0x0000015e3dd94630] = 72
 main code      [0x0000015e3dd94640,0x0000015e3dd94780] = 320
 stub code      [0x0000015e3dd94780,0x0000015e3dd947d8] = 88
 metadata       [0x0000015e3dd947d8,0x0000015e3dd947e0] = 8
 scopes data    [0x0000015e3dd947e0,0x0000015e3dd94828] = 72
 scopes pcs     [0x0000015e3dd94828,0x0000015e3dd94878] = 80
 dependencies   [0x0000015e3dd94878,0x0000015e3dd94880] = 8

[Constant Pool (empty)]

[MachCode]
[Entry Point]
  # {method} {0x0000015e5a03da68} 'defineClass' '(Ljava/lang/String;[BIILjava/security/CodeSource;)Ljava/lang/Class;' in 'java/security/SecureClassLoader'
  # this:     rdx:rdx   = 'java/security/SecureClassLoader'
  # parm0:    r8:r8     = 'java/lang/String'
  # parm1:    r9:r9     = '[B'
  # parm2:    rdi       = int
  # parm3:    rsi       = int
  # parm4:    rcx:rcx   = 'java/security/CodeSource'
  #           [sp+0x80]  (sp of caller)
  0x0000015e3dd94640: 448b 5208 | 49bb 0000 | 0000 0800 | 0000 4d03 | d34c 3bd0 

  0x0000015e3dd94654: ;   {runtime_call ic_miss_stub}
  0x0000015e3dd94654: 0f85 26ca | 3f07 660f | 1f44 0000 
[Verified Entry Point]
  0x0000015e3dd94660: 8984 2400 | 90ff ff55 | 4883 ec70 

  0x0000015e3dd9466c: ;   {metadata(method data for {method} {0x0000015e5a03da68} 'defineClass' '(Ljava/lang/String;[BIILjava/security/CodeSource;)Ljava/lang/Class;' in 'java/security/SecureClassLoader')}
  0x0000015e3dd9466c: 48bb 203a | 955a 5e01 | 0000 8b83 | cc00 0000 | 83c0 0289 | 83cc 0000 | 0081 e0fe | 0700 0083 
  0x0000015e3dd9468c: f800 0f84 | 8b00 0000 | 8974 245c | 897c 2458 | 4c89 4c24 | 504c 8944 | 2448 488b 

  0x0000015e3dd946a8: ;   {metadata(method data for {method} {0x0000015e5a03da68} 'defineClass' '(Ljava/lang/String;[BIILjava/security/CodeSource;)Ljava/lang/Class;' in 'java/security/SecureClassLoader')}
  0x0000015e3dd946a8: da48 b820 | 3a95 5a5e | 0100 0048 | 8380 1001 | 0000 014c | 8bc1 488b | c248 8bd0 | 4889 4424 
  0x0000015e3dd946c8: 4066 0f1f 

  0x0000015e3dd946cc: ;   {optimized virtual_call}
  0x0000015e3dd946cc: 4400 00e8 

  0x0000015e3dd946d0: ; ImmutableOopMap {[80]=Oop [64]=Oop [72]=Oop }
                      ;*invokevirtual getProtectionDomain {reexecute=0 rethrow=0 return_oop=0}
                      ; - java.security.SecureClassLoader::defineClass@9 (line 150)
  0x0000015e3dd946d0: 4cdf 0100 | 488b 5424 

  0x0000015e3dd946d8: ;   {metadata(method data for {method} {0x0000015e5a03da68} 'defineClass' '(Ljava/lang/String;[BIILjava/security/CodeSource;)Ljava/lang/Class;' in 'java/security/SecureClassLoader')}
  0x0000015e3dd946d8: 4049 b820 | 3a95 5a5e | 0100 0049 | 8380 4801 | 0000 014c | 8b44 2448 | 4c8b 4c24 | 508b 7c24 
  0x0000015e3dd946f8: 588b 7424 | 5c48 8bc8 | 488b 5424 

  0x0000015e3dd94704: ;   {optimized virtual_call}
  0x0000015e3dd94704: 4066 90e8 

  0x0000015e3dd94708: ; ImmutableOopMap {}
                      ;*invokevirtual defineClass {reexecute=0 rethrow=0 return_oop=0}
                      ; - java.security.SecureClassLoader::defineClass@12 (line 150)
  0x0000015e3dd94708: 94e9 0100 | 4883 c470 

  0x0000015e3dd94710: ;   {poll_return}
  0x0000015e3dd94710: 5d49 3ba7 | 5003 0000 | 0f87 2200 

  0x0000015e3dd9471c: ;   {metadata({method} {0x0000015e5a03da68} 'defineClass' '(Ljava/lang/String;[BIILjava/security/CodeSource;)Ljava/lang/Class;' in 'java/security/SecureClassLoader')}
  0x0000015e3dd9471c: 0000 c349 | ba60 da03 | 5a5e 0100 | 004c 8954 | 2408 48c7 | 0424 ffff 

  0x0000015e3dd94734: ;   {runtime_call counter_overflow Runtime1 stub}
  0x0000015e3dd94734: ffff e845 

  0x0000015e3dd94738: ; ImmutableOopMap {rdx=Oop r8=Oop r9=Oop rcx=Oop }
                      ;*synchronization entry
                      ; - java.security.SecureClassLoader::defineClass@-1 (line 150)
  0x0000015e3dd94738: 624a 07e9 | 54ff ffff 

  0x0000015e3dd94740: ;   {internal_word}
  0x0000015e3dd94740: 49ba 1147 | d93d 5e01 | 0000 4d89 | 9768 0300 

  0x0000015e3dd94750: ;   {runtime_call SafepointBlob}
  0x0000015e3dd94750: 00e9 aa32 | 4007 9090 | 498b 87e0 | 0300 0049 | c787 e003 | 0000 0000 | 0000 49c7 | 87e8 0300 
  0x0000015e3dd94770: 0000 0000 | 0048 83c4 

  0x0000015e3dd94778: ;   {runtime_call unwind_exception Runtime1 stub}
  0x0000015e3dd94778: 705d e981 | 3141 07f4 
[Stub Code]
  0x0000015e3dd94780: ;   {no_reloc}
  0x0000015e3dd94780: 0f1f 4400 

  0x0000015e3dd94784: ;   {static_stub}
  0x0000015e3dd94784: 0048 bbf0 | dc03 5a5e 

  0x0000015e3dd9478c: ;   {runtime_call I2C/C2I adapters}
  0x0000015e3dd9478c: 0100 00e9 | c91e 4007 

  0x0000015e3dd94794: ;   {static_stub}
  0x0000015e3dd94794: 9048 bb10 | 4d02 5a5e 

  0x0000015e3dd9479c: ;   {runtime_call I2C/C2I adapters}
  0x0000015e3dd9479c: 0100 00e9 | 472c 3f07 
[Exception Handler]
  0x0000015e3dd947a4: ;   {runtime_call handle_exception_from_callee Runtime1 stub}
  0x0000015e3dd947a4: e8d7 2e4a 

  0x0000015e3dd947a8: ;   {external_word}
  0x0000015e3dd947a8: 0748 b9a0 | 7d3f bbfa | 7f00 0048 

  0x0000015e3dd947b4: ;   {runtime_call}
  0x0000015e3dd947b4: 83e4 f049 | baf0 e407 | bbfa 7f00 | 0041 ffd2 

  0x0000015e3dd947c4: ;   {section_word}
  0x0000015e3dd947c4: f449 bac5 | 47d9 3d5e | 0100 0041 

  0x0000015e3dd947d0: ;   {runtime_call DeoptimizationBlob}
  0x0000015e3dd947d0: 52e9 ca24 | 4007 f4f4 
[/MachCode]


---------------  P R O C E S S  ---------------

Threads class SMR info:
_java_thread_list=0x0000015e5ebc6060, length=13, elements={
0x0000015e3a711fa0, 0x0000015e5e058500, 0x0000015e5e059fe0, 0x0000015e5e0c3900,
0x0000015e5e0c41d0, 0x0000015e5e0c4aa0, 0x0000015e5e0c5370, 0x0000015e5e0c5f70,
0x0000015e5e0c6880, 0x0000015e5e0c7190, 0x0000015e5e262260, 0x0000015e5e25e240,
0x0000015e5eb523a0
}

Java Threads: ( => current thread )
=>0x0000015e3a711fa0 JavaThread "main" [_thread_in_vm, id=29844, stack(0x0000002149900000,0x0000002149a00000)]
  0x0000015e5e058500 JavaThread "Reference Handler" daemon [_thread_blocked, id=24220, stack(0x000000214a000000,0x000000214a100000)]
  0x0000015e5e059fe0 JavaThread "Finalizer" daemon [_thread_blocked, id=62372, stack(0x000000214a100000,0x000000214a200000)]
  0x0000015e5e0c3900 JavaThread "Signal Dispatcher" daemon [_thread_blocked, id=22576, stack(0x000000214a200000,0x000000214a300000)]
  0x0000015e5e0c41d0 JavaThread "Attach Listener" daemon [_thread_blocked, id=29136, stack(0x000000214a300000,0x000000214a400000)]
  0x0000015e5e0c4aa0 JavaThread "Service Thread" daemon [_thread_blocked, id=17164, stack(0x000000214a400000,0x000000214a500000)]
  0x0000015e5e0c5370 JavaThread "Monitor Deflation Thread" daemon [_thread_blocked, id=57244, stack(0x000000214a500000,0x000000214a600000)]
  0x0000015e5e0c5f70 JavaThread "C2 CompilerThread0" daemon [_thread_blocked, id=45552, stack(0x000000214a600000,0x000000214a700000)]
  0x0000015e5e0c6880 JavaThread "C1 CompilerThread0" daemon [_thread_blocked, id=23960, stack(0x000000214a700000,0x000000214a800000)]
  0x0000015e5e0c7190 JavaThread "Sweeper thread" daemon [_thread_blocked, id=45708, stack(0x000000214a800000,0x000000214a900000)]
  0x0000015e5e262260 JavaThread "Notification Thread" daemon [_thread_blocked, id=46832, stack(0x000000214a900000,0x000000214aa00000)]
  0x0000015e5e25e240 JavaThread "Common-Cleaner" daemon [_thread_blocked, id=24656, stack(0x000000214ab00000,0x000000214ac00000)]
  0x0000015e5eb523a0 JavaThread "pool-1-thread-1" [_thread_in_vm, id=62780, stack(0x000000214b200000,0x000000214b300000)]

Other Threads:
  0x0000015e5e06fbf0 VMThread "VM Thread" [stack: 0x0000002149f00000,0x000000214a000000] [id=44888] _threads_hazard_ptr=0x0000015e5ebc6060
  0x0000015e5e262740 WatcherThread [stack: 0x000000214aa00000,0x000000214ab00000] [id=50796]
  0x0000015e3a77c110 GCTaskThread "GC Thread#0" [stack: 0x0000002149a00000,0x0000002149b00000] [id=44768]
  0x0000015e5ec79860 GCTaskThread "GC Thread#1" [stack: 0x000000214ad00000,0x000000214ae00000] [id=61680]
  0x0000015e5ec529e0 GCTaskThread "GC Thread#2" [stack: 0x000000214ae00000,0x000000214af00000] [id=3336]
  0x0000015e5ec52ca0 GCTaskThread "GC Thread#3" [stack: 0x000000214af00000,0x000000214b000000] [id=18372]
  0x0000015e5eea38c0 GCTaskThread "GC Thread#4" [stack: 0x000000214b000000,0x000000214b100000] [id=29856]
  0x0000015e5eea3b80 GCTaskThread "GC Thread#5" [stack: 0x000000214b100000,0x000000214b200000] [id=26984]
  0x0000015e3a78ca40 ConcurrentGCThread "G1 Main Marker" [stack: 0x0000002149b00000,0x0000002149c00000] [id=62304]
  0x0000015e3a78e040 ConcurrentGCThread "G1 Conc#0" [stack: 0x0000002149c00000,0x0000002149d00000] [id=39052]
  0x0000015e599af640 ConcurrentGCThread "G1 Refine#0" [stack: 0x0000002149d00000,0x0000002149e00000] [id=47212]
  0x0000015e599b2d40 ConcurrentGCThread "G1 Service" [stack: 0x0000002149e00000,0x0000002149f00000] [id=60468]

Threads with active compile tasks:

VM state: synchronizing (normal execution)

VM Mutex/Monitor currently owned by a thread:  ([mutex/lock_event])
[0x0000015e38c10020] Metaspace_lock - owner thread: 0x0000015e3a711fa0
[0x0000015e38c0fb10] Threads_lock - owner thread: 0x0000015e5e06fbf0

Heap address: 0x0000000705200000, size: 4014 MB, Compressed Oops mode: Zero based, Oop shift amount: 3

CDS archive(s) not mapped
Compressed class space mapped at: 0x0000000800000000-0x0000000840000000, reserved size: 1073741824
Narrow klass base: 0x0000000800000000, Narrow klass shift: 0, Narrow klass range: 0x40000000

GC Precious Log:
 CPUs: 12 total, 12 available
 Memory: 16052M
 Large Page Support: Disabled
 NUMA Support: Disabled
 Compressed Oops: Enabled (Zero based)
 Heap Region Size: 2M
 Heap Min Capacity: 8M
 Heap Initial Capacity: 252M
 Heap Max Capacity: 4014M
 Pre-touch: Disabled
 Parallel Workers: 10
 Concurrent Workers: 3
 Concurrent Refinement Workers: 10
 Periodic GC: Disabled

Heap:
 garbage-first heap   total 258048K, used 20302K [0x0000000705200000, 0x0000000800000000)
  region size 2048K, 8 young (16384K), 2 survivors (4096K)
 Metaspace       used 14126K, committed 14272K, reserved 1114112K
  class space    used 1638K, committed 1728K, reserved 1048576K

Heap Regions: E=young(eden), S=young(survivor), O=old, HS=humongous(starts), HC=humongous(continues), CS=collection set, F=free, OA=open archive, CA=closed archive, TAMS=top-at-mark-start (previous, next)
|   0|0x0000000705200000, 0x0000000705400000, 0x0000000705400000|100%|HS|  |TAMS 0x0000000705200000, 0x0000000705200000| Complete 
|   1|0x0000000705400000, 0x0000000705600000, 0x0000000705600000|100%|HC|  |TAMS 0x0000000705400000, 0x0000000705400000| Complete 
|   2|0x0000000705600000, 0x00000007057d3a00, 0x0000000705800000| 91%| O|  |TAMS 0x0000000705600000, 0x0000000705600000| Untracked 
|   3|0x0000000705800000, 0x0000000705800000, 0x0000000705a00000|  0%| F|  |TAMS 0x0000000705800000, 0x0000000705800000| Untracked 
|   4|0x0000000705a00000, 0x0000000705a00000, 0x0000000705c00000|  0%| F|  |TAMS 0x0000000705a00000, 0x0000000705a00000| Untracked 
|   5|0x0000000705c00000, 0x0000000705c00000, 0x0000000705e00000|  0%| F|  |TAMS 0x0000000705c00000, 0x0000000705c00000| Untracked 
|   6|0x0000000705e00000, 0x0000000705e00000, 0x0000000706000000|  0%| F|  |TAMS 0x0000000705e00000, 0x0000000705e00000| Untracked 
|   7|0x0000000706000000, 0x0000000706000000, 0x0000000706200000|  0%| F|  |TAMS 0x0000000706000000, 0x0000000706000000| Untracked 
|   8|0x0000000706200000, 0x0000000706200000, 0x0000000706400000|  0%| F|  |TAMS 0x0000000706200000, 0x0000000706200000| Untracked 
|   9|0x0000000706400000, 0x0000000706400000, 0x0000000706600000|  0%| F|  |TAMS 0x0000000706400000, 0x0000000706400000| Untracked 
|  10|0x0000000706600000, 0x0000000706600000, 0x0000000706800000|  0%| F|  |TAMS 0x0000000706600000, 0x0000000706600000| Untracked 
|  11|0x0000000706800000, 0x0000000706800000, 0x0000000706a00000|  0%| F|  |TAMS 0x0000000706800000, 0x0000000706800000| Untracked 
|  12|0x0000000706a00000, 0x0000000706a00000, 0x0000000706c00000|  0%| F|  |TAMS 0x0000000706a00000, 0x0000000706a00000| Untracked 
|  13|0x0000000706c00000, 0x0000000706c00000, 0x0000000706e00000|  0%| F|  |TAMS 0x0000000706c00000, 0x0000000706c00000| Untracked 
|  14|0x0000000706e00000, 0x0000000706e00000, 0x0000000707000000|  0%| F|  |TAMS 0x0000000706e00000, 0x0000000706e00000| Untracked 
|  15|0x0000000707000000, 0x0000000707000000, 0x0000000707200000|  0%| F|  |TAMS 0x0000000707000000, 0x0000000707000000| Untracked 
|  16|0x0000000707200000, 0x0000000707200000, 0x0000000707400000|  0%| F|  |TAMS 0x0000000707200000, 0x0000000707200000| Untracked 
|  17|0x0000000707400000, 0x0000000707400000, 0x0000000707600000|  0%| F|  |TAMS 0x0000000707400000, 0x0000000707400000| Untracked 
|  18|0x0000000707600000, 0x0000000707600000, 0x0000000707800000|  0%| F|  |TAMS 0x0000000707600000, 0x0000000707600000| Untracked 
|  19|0x0000000707800000, 0x0000000707800000, 0x0000000707a00000|  0%| F|  |TAMS 0x0000000707800000, 0x0000000707800000| Untracked 
|  20|0x0000000707a00000, 0x0000000707a00000, 0x0000000707c00000|  0%| F|  |TAMS 0x0000000707a00000, 0x0000000707a00000| Untracked 
|  21|0x0000000707c00000, 0x0000000707c00000, 0x0000000707e00000|  0%| F|  |TAMS 0x0000000707c00000, 0x0000000707c00000| Untracked 
|  22|0x0000000707e00000, 0x0000000707e00000, 0x0000000708000000|  0%| F|  |TAMS 0x0000000707e00000, 0x0000000707e00000| Untracked 
|  23|0x0000000708000000, 0x0000000708000000, 0x0000000708200000|  0%| F|  |TAMS 0x0000000708000000, 0x0000000708000000| Untracked 
|  24|0x0000000708200000, 0x0000000708200000, 0x0000000708400000|  0%| F|  |TAMS 0x0000000708200000, 0x0000000708200000| Untracked 
|  25|0x0000000708400000, 0x0000000708400000, 0x0000000708600000|  0%| F|  |TAMS 0x0000000708400000, 0x0000000708400000| Untracked 
|  26|0x0000000708600000, 0x0000000708600000, 0x0000000708800000|  0%| F|  |TAMS 0x0000000708600000, 0x0000000708600000| Untracked 
|  27|0x0000000708800000, 0x0000000708800000, 0x0000000708a00000|  0%| F|  |TAMS 0x0000000708800000, 0x0000000708800000| Untracked 
|  28|0x0000000708a00000, 0x0000000708a00000, 0x0000000708c00000|  0%| F|  |TAMS 0x0000000708a00000, 0x0000000708a00000| Untracked 
|  29|0x0000000708c00000, 0x0000000708c00000, 0x0000000708e00000|  0%| F|  |TAMS 0x0000000708c00000, 0x0000000708c00000| Untracked 
|  30|0x0000000708e00000, 0x0000000708e00000, 0x0000000709000000|  0%| F|  |TAMS 0x0000000708e00000, 0x0000000708e00000| Untracked 
|  31|0x0000000709000000, 0x0000000709000000, 0x0000000709200000|  0%| F|  |TAMS 0x0000000709000000, 0x0000000709000000| Untracked 
|  32|0x0000000709200000, 0x0000000709200000, 0x0000000709400000|  0%| F|  |TAMS 0x0000000709200000, 0x0000000709200000| Untracked 
|  33|0x0000000709400000, 0x0000000709400000, 0x0000000709600000|  0%| F|  |TAMS 0x0000000709400000, 0x0000000709400000| Untracked 
|  34|0x0000000709600000, 0x0000000709600000, 0x0000000709800000|  0%| F|  |TAMS 0x0000000709600000, 0x0000000709600000| Untracked 
|  35|0x0000000709800000, 0x0000000709800000, 0x0000000709a00000|  0%| F|  |TAMS 0x0000000709800000, 0x0000000709800000| Untracked 
|  36|0x0000000709a00000, 0x0000000709a00000, 0x0000000709c00000|  0%| F|  |TAMS 0x0000000709a00000, 0x0000000709a00000| Untracked 
|  37|0x0000000709c00000, 0x0000000709c00000, 0x0000000709e00000|  0%| F|  |TAMS 0x0000000709c00000, 0x0000000709c00000| Untracked 
|  38|0x0000000709e00000, 0x0000000709e00000, 0x000000070a000000|  0%| F|  |TAMS 0x0000000709e00000, 0x0000000709e00000| Untracked 
|  39|0x000000070a000000, 0x000000070a000000, 0x000000070a200000|  0%| F|  |TAMS 0x000000070a000000, 0x000000070a000000| Untracked 
|  40|0x000000070a200000, 0x000000070a200000, 0x000000070a400000|  0%| F|  |TAMS 0x000000070a200000, 0x000000070a200000| Untracked 
|  41|0x000000070a400000, 0x000000070a400000, 0x000000070a600000|  0%| F|  |TAMS 0x000000070a400000, 0x000000070a400000| Untracked 
|  42|0x000000070a600000, 0x000000070a600000, 0x000000070a800000|  0%| F|  |TAMS 0x000000070a600000, 0x000000070a600000| Untracked 
|  43|0x000000070a800000, 0x000000070a800000, 0x000000070aa00000|  0%| F|  |TAMS 0x000000070a800000, 0x000000070a800000| Untracked 
|  44|0x000000070aa00000, 0x000000070aa00000, 0x000000070ac00000|  0%| F|  |TAMS 0x000000070aa00000, 0x000000070aa00000| Untracked 
|  45|0x000000070ac00000, 0x000000070ac00000, 0x000000070ae00000|  0%| F|  |TAMS 0x000000070ac00000, 0x000000070ac00000| Untracked 
|  46|0x000000070ae00000, 0x000000070ae00000, 0x000000070b000000|  0%| F|  |TAMS 0x000000070ae00000, 0x000000070ae00000| Untracked 
|  47|0x000000070b000000, 0x000000070b000000, 0x000000070b200000|  0%| F|  |TAMS 0x000000070b000000, 0x000000070b000000| Untracked 
|  48|0x000000070b200000, 0x000000070b200000, 0x000000070b400000|  0%| F|  |TAMS 0x000000070b200000, 0x000000070b200000| Untracked 
|  49|0x000000070b400000, 0x000000070b400000, 0x000000070b600000|  0%| F|  |TAMS 0x000000070b400000, 0x000000070b400000| Untracked 
|  50|0x000000070b600000, 0x000000070b600000, 0x000000070b800000|  0%| F|  |TAMS 0x000000070b600000, 0x000000070b600000| Untracked 
|  51|0x000000070b800000, 0x000000070b800000, 0x000000070ba00000|  0%| F|  |TAMS 0x000000070b800000, 0x000000070b800000| Untracked 
|  52|0x000000070ba00000, 0x000000070ba00000, 0x000000070bc00000|  0%| F|  |TAMS 0x000000070ba00000, 0x000000070ba00000| Untracked 
|  53|0x000000070bc00000, 0x000000070bc00000, 0x000000070be00000|  0%| F|  |TAMS 0x000000070bc00000, 0x000000070bc00000| Untracked 
|  54|0x000000070be00000, 0x000000070be00000, 0x000000070c000000|  0%| F|  |TAMS 0x000000070be00000, 0x000000070be00000| Untracked 
|  55|0x000000070c000000, 0x000000070c000000, 0x000000070c200000|  0%| F|  |TAMS 0x000000070c000000, 0x000000070c000000| Untracked 
|  56|0x000000070c200000, 0x000000070c200000, 0x000000070c400000|  0%| F|  |TAMS 0x000000070c200000, 0x000000070c200000| Untracked 
|  57|0x000000070c400000, 0x000000070c400000, 0x000000070c600000|  0%| F|  |TAMS 0x000000070c400000, 0x000000070c400000| Untracked 
|  58|0x000000070c600000, 0x000000070c600000, 0x000000070c800000|  0%| F|  |TAMS 0x000000070c600000, 0x000000070c600000| Untracked 
|  59|0x000000070c800000, 0x000000070c800000, 0x000000070ca00000|  0%| F|  |TAMS 0x000000070c800000, 0x000000070c800000| Untracked 
|  60|0x000000070ca00000, 0x000000070ca00000, 0x000000070cc00000|  0%| F|  |TAMS 0x000000070ca00000, 0x000000070ca00000| Untracked 
|  61|0x000000070cc00000, 0x000000070cc00000, 0x000000070ce00000|  0%| F|  |TAMS 0x000000070cc00000, 0x000000070cc00000| Untracked 
|  62|0x000000070ce00000, 0x000000070ce00000, 0x000000070d000000|  0%| F|  |TAMS 0x000000070ce00000, 0x000000070ce00000| Untracked 
|  63|0x000000070d000000, 0x000000070d000000, 0x000000070d200000|  0%| F|  |TAMS 0x000000070d000000, 0x000000070d000000| Untracked 
|  64|0x000000070d200000, 0x000000070d200000, 0x000000070d400000|  0%| F|  |TAMS 0x000000070d200000, 0x000000070d200000| Untracked 
|  65|0x000000070d400000, 0x000000070d400000, 0x000000070d600000|  0%| F|  |TAMS 0x000000070d400000, 0x000000070d400000| Untracked 
|  66|0x000000070d600000, 0x000000070d600000, 0x000000070d800000|  0%| F|  |TAMS 0x000000070d600000, 0x000000070d600000| Untracked 
|  67|0x000000070d800000, 0x000000070d800000, 0x000000070da00000|  0%| F|  |TAMS 0x000000070d800000, 0x000000070d800000| Untracked 
|  68|0x000000070da00000, 0x000000070da00000, 0x000000070dc00000|  0%| F|  |TAMS 0x000000070da00000, 0x000000070da00000| Untracked 
|  69|0x000000070dc00000, 0x000000070dc00000, 0x000000070de00000|  0%| F|  |TAMS 0x000000070dc00000, 0x000000070dc00000| Untracked 
|  70|0x000000070de00000, 0x000000070de00000, 0x000000070e000000|  0%| F|  |TAMS 0x000000070de00000, 0x000000070de00000| Untracked 
|  71|0x000000070e000000, 0x000000070e000000, 0x000000070e200000|  0%| F|  |TAMS 0x000000070e000000, 0x000000070e000000| Untracked 
|  72|0x000000070e200000, 0x000000070e200000, 0x000000070e400000|  0%| F|  |TAMS 0x000000070e200000, 0x000000070e200000| Untracked 
|  73|0x000000070e400000, 0x000000070e400000, 0x000000070e600000|  0%| F|  |TAMS 0x000000070e400000, 0x000000070e400000| Untracked 
|  74|0x000000070e600000, 0x000000070e600000, 0x000000070e800000|  0%| F|  |TAMS 0x000000070e600000, 0x000000070e600000| Untracked 
|  75|0x000000070e800000, 0x000000070e800000, 0x000000070ea00000|  0%| F|  |TAMS 0x000000070e800000, 0x000000070e800000| Untracked 
|  76|0x000000070ea00000, 0x000000070ea00000, 0x000000070ec00000|  0%| F|  |TAMS 0x000000070ea00000, 0x000000070ea00000| Untracked 
|  77|0x000000070ec00000, 0x000000070ec00000, 0x000000070ee00000|  0%| F|  |TAMS 0x000000070ec00000, 0x000000070ec00000| Untracked 
|  78|0x000000070ee00000, 0x000000070ee00000, 0x000000070f000000|  0%| F|  |TAMS 0x000000070ee00000, 0x000000070ee00000| Untracked 
|  79|0x000000070f000000, 0x000000070f000000, 0x000000070f200000|  0%| F|  |TAMS 0x000000070f000000, 0x000000070f000000| Untracked 
|  80|0x000000070f200000, 0x000000070f200000, 0x000000070f400000|  0%| F|  |TAMS 0x000000070f200000, 0x000000070f200000| Untracked 
|  81|0x000000070f400000, 0x000000070f400000, 0x000000070f600000|  0%| F|  |TAMS 0x000000070f400000, 0x000000070f400000| Untracked 
|  82|0x000000070f600000, 0x000000070f600000, 0x000000070f800000|  0%| F|  |TAMS 0x000000070f600000, 0x000000070f600000| Untracked 
|  83|0x000000070f800000, 0x000000070f800000, 0x000000070fa00000|  0%| F|  |TAMS 0x000000070f800000, 0x000000070f800000| Untracked 
|  84|0x000000070fa00000, 0x000000070fa00000, 0x000000070fc00000|  0%| F|  |TAMS 0x000000070fa00000, 0x000000070fa00000| Untracked 
|  85|0x000000070fc00000, 0x000000070fc00000, 0x000000070fe00000|  0%| F|  |TAMS 0x000000070fc00000, 0x000000070fc00000| Untracked 
|  86|0x000000070fe00000, 0x000000070fe00000, 0x0000000710000000|  0%| F|  |TAMS 0x000000070fe00000, 0x000000070fe00000| Untracked 
|  87|0x0000000710000000, 0x0000000710000000, 0x0000000710200000|  0%| F|  |TAMS 0x0000000710000000, 0x0000000710000000| Untracked 
|  88|0x0000000710200000, 0x0000000710200000, 0x0000000710400000|  0%| F|  |TAMS 0x0000000710200000, 0x0000000710200000| Untracked 
|  89|0x0000000710400000, 0x0000000710400000, 0x0000000710600000|  0%| F|  |TAMS 0x0000000710400000, 0x0000000710400000| Untracked 
|  90|0x0000000710600000, 0x0000000710600000, 0x0000000710800000|  0%| F|  |TAMS 0x0000000710600000, 0x0000000710600000| Untracked 
|  91|0x0000000710800000, 0x0000000710800000, 0x0000000710a00000|  0%| F|  |TAMS 0x0000000710800000, 0x0000000710800000| Untracked 
|  92|0x0000000710a00000, 0x0000000710a00000, 0x0000000710c00000|  0%| F|  |TAMS 0x0000000710a00000, 0x0000000710a00000| Untracked 
|  93|0x0000000710c00000, 0x0000000710c00000, 0x0000000710e00000|  0%| F|  |TAMS 0x0000000710c00000, 0x0000000710c00000| Untracked 
|  94|0x0000000710e00000, 0x0000000710e00000, 0x0000000711000000|  0%| F|  |TAMS 0x0000000710e00000, 0x0000000710e00000| Untracked 
|  95|0x0000000711000000, 0x0000000711000000, 0x0000000711200000|  0%| F|  |TAMS 0x0000000711000000, 0x0000000711000000| Untracked 
|  96|0x0000000711200000, 0x0000000711200000, 0x0000000711400000|  0%| F|  |TAMS 0x0000000711200000, 0x0000000711200000| Untracked 
|  97|0x0000000711400000, 0x0000000711400000, 0x0000000711600000|  0%| F|  |TAMS 0x0000000711400000, 0x0000000711400000| Untracked 
|  98|0x0000000711600000, 0x0000000711600000, 0x0000000711800000|  0%| F|  |TAMS 0x0000000711600000, 0x0000000711600000| Untracked 
|  99|0x0000000711800000, 0x0000000711800000, 0x0000000711a00000|  0%| F|  |TAMS 0x0000000711800000, 0x0000000711800000| Untracked 
| 100|0x0000000711a00000, 0x0000000711a00000, 0x0000000711c00000|  0%| F|  |TAMS 0x0000000711a00000, 0x0000000711a00000| Untracked 
| 101|0x0000000711c00000, 0x0000000711c00000, 0x0000000711e00000|  0%| F|  |TAMS 0x0000000711c00000, 0x0000000711c00000| Untracked 
| 102|0x0000000711e00000, 0x0000000711e00000, 0x0000000712000000|  0%| F|  |TAMS 0x0000000711e00000, 0x0000000711e00000| Untracked 
| 103|0x0000000712000000, 0x0000000712000000, 0x0000000712200000|  0%| F|  |TAMS 0x0000000712000000, 0x0000000712000000| Untracked 
| 104|0x0000000712200000, 0x0000000712200000, 0x0000000712400000|  0%| F|  |TAMS 0x0000000712200000, 0x0000000712200000| Untracked 
| 105|0x0000000712400000, 0x0000000712400000, 0x0000000712600000|  0%| F|  |TAMS 0x0000000712400000, 0x0000000712400000| Untracked 
| 106|0x0000000712600000, 0x0000000712600000, 0x0000000712800000|  0%| F|  |TAMS 0x0000000712600000, 0x0000000712600000| Untracked 
| 107|0x0000000712800000, 0x0000000712800000, 0x0000000712a00000|  0%| F|  |TAMS 0x0000000712800000, 0x0000000712800000| Untracked 
| 108|0x0000000712a00000, 0x0000000712a00000, 0x0000000712c00000|  0%| F|  |TAMS 0x0000000712a00000, 0x0000000712a00000| Untracked 
| 109|0x0000000712c00000, 0x0000000712c00000, 0x0000000712e00000|  0%| F|  |TAMS 0x0000000712c00000, 0x0000000712c00000| Untracked 
| 110|0x0000000712e00000, 0x0000000712e00000, 0x0000000713000000|  0%| F|  |TAMS 0x0000000712e00000, 0x0000000712e00000| Untracked 
| 111|0x0000000713000000, 0x0000000713000000, 0x0000000713200000|  0%| F|  |TAMS 0x0000000713000000, 0x0000000713000000| Untracked 
| 112|0x0000000713200000, 0x0000000713200000, 0x0000000713400000|  0%| F|  |TAMS 0x0000000713200000, 0x0000000713200000| Untracked 
| 113|0x0000000713400000, 0x0000000713600000, 0x0000000713600000|100%| S|CS|TAMS 0x0000000713400000, 0x0000000713400000| Complete 
| 114|0x0000000713600000, 0x0000000713800000, 0x0000000713800000|100%| S|CS|TAMS 0x0000000713600000, 0x0000000713600000| Complete 
| 115|0x0000000713800000, 0x0000000713800000, 0x0000000713a00000|  0%| F|  |TAMS 0x0000000713800000, 0x0000000713800000| Untracked 
| 116|0x0000000713a00000, 0x0000000713a00000, 0x0000000713c00000|  0%| F|  |TAMS 0x0000000713a00000, 0x0000000713a00000| Untracked 
| 117|0x0000000713c00000, 0x0000000713c00000, 0x0000000713e00000|  0%| F|  |TAMS 0x0000000713c00000, 0x0000000713c00000| Untracked 
| 118|0x0000000713e00000, 0x0000000713e00000, 0x0000000714000000|  0%| F|  |TAMS 0x0000000713e00000, 0x0000000713e00000| Untracked 
| 119|0x0000000714000000, 0x0000000714000000, 0x0000000714200000|  0%| F|  |TAMS 0x0000000714000000, 0x0000000714000000| Untracked 
| 120|0x0000000714200000, 0x0000000714280630, 0x0000000714400000| 25%| E|  |TAMS 0x0000000714200000, 0x0000000714200000| Complete 
| 121|0x0000000714400000, 0x0000000714600000, 0x0000000714600000|100%| E|CS|TAMS 0x0000000714400000, 0x0000000714400000| Complete 
| 122|0x0000000714600000, 0x0000000714800000, 0x0000000714800000|100%| E|CS|TAMS 0x0000000714600000, 0x0000000714600000| Complete 
| 123|0x0000000714800000, 0x0000000714a00000, 0x0000000714a00000|100%| E|CS|TAMS 0x0000000714800000, 0x0000000714800000| Complete 
| 124|0x0000000714a00000, 0x0000000714c00000, 0x0000000714c00000|100%| E|CS|TAMS 0x0000000714a00000, 0x0000000714a00000| Complete 
| 125|0x0000000714c00000, 0x0000000714e00000, 0x0000000714e00000|100%| E|CS|TAMS 0x0000000714c00000, 0x0000000714c00000| Complete 

Card table byte_map: [0x0000015e4e080000,0x0000015e4e860000] _byte_map_base: 0x0000015e4a857000

Marking Bits (Prev, Next): (CMBitMap*) 0x0000015e3a77c640, (CMBitMap*) 0x0000015e3a77c680
 Prev Bits: [0x0000015e4f040000, 0x0000015e52ef8000)
 Next Bits: [0x0000015e52f00000, 0x0000015e56db8000)

Polling page: 0x0000015e3dbf0000

Metaspace:

Usage:
  Non-class:     12.20 MB used.
      Class:      1.60 MB used.
       Both:     13.80 MB used.

Virtual space:
  Non-class space:       64.00 MB reserved,      12.25 MB ( 19%) committed,  1 nodes.
      Class space:        1.00 GB reserved,       1.69 MB ( <1%) committed,  1 nodes.
             Both:        1.06 GB reserved,      13.94 MB (  1%) committed. 

Chunk freelists:
   Non-Class:  3.67 MB
       Class:  14.27 MB
        Both:  17.94 MB

MaxMetaspaceSize: unlimited
CompressedClassSpaceSize: 1.00 GB
Initial GC threshold: 21.00 MB
Current GC threshold: 21.00 MB
CDS: off
MetaspaceReclaimPolicy: balanced
 - commit_granule_bytes: 65536.
 - commit_granule_words: 8192.
 - virtual_space_node_default_size: 8388608.
 - enlarge_chunks_in_place: 1.
 - new_chunks_are_fully_committed: 0.
 - uncommit_free_chunks: 1.
 - use_allocation_guard: 0.
 - handle_deallocations: 1.


Internal statistics:

num_allocs_failed_limit: 0.
num_arena_births: 62.
num_arena_deaths: 0.
num_vsnodes_births: 2.
num_vsnodes_deaths: 0.
num_space_committed: 223.
num_space_uncommitted: 0.
num_chunks_returned_to_freelist: 0.
num_chunks_taken_from_freelist: 243.
num_chunk_merges: 0.
num_chunk_splits: 164.
num_chunks_enlarged: 139.
num_inconsistent_stats: 0.

CodeHeap 'non-profiled nmethods': size=120000Kb used=407Kb max_used=407Kb free=119592Kb
 bounds [0x0000015e456e0000, 0x0000015e45950000, 0x0000015e4cc10000]
CodeHeap 'profiled nmethods': size=120000Kb used=1828Kb max_used=1828Kb free=118171Kb
 bounds [0x0000015e3dc10000, 0x0000015e3de80000, 0x0000015e45140000]
CodeHeap 'non-nmethods': size=5760Kb used=1144Kb max_used=1162Kb free=4615Kb
 bounds [0x0000015e45140000, 0x0000015e453b0000, 0x0000015e456e0000]
 total_blobs=1443 nmethods=1010 adapters=346
 compilation: enabled
              stopped_count=0, restarted_count=0
 full_count=0

Compilation events (20 events):
Event: 3.092 Thread 0x0000015e5e0c6880 1001       1       java.lang.reflect.Method::getSharedParameterTypes (5 bytes)
Event: 3.092 Thread 0x0000015e5e0c6880 nmethod 1001 0x0000015e45745910 code [0x0000015e45745aa0, 0x0000015e45745b78]
Event: 3.092 Thread 0x0000015e5e0c6880 1002       3       java.lang.Integer::stringSize (47 bytes)
Event: 3.092 Thread 0x0000015e5e0c6880 nmethod 1002 0x0000015e3ddd3890 code [0x0000015e3ddd3a40, 0x0000015e3ddd3c98]
Event: 3.092 Thread 0x0000015e5e0c6880 1003       3       java.lang.Integer::getChars (131 bytes)
Event: 3.093 Thread 0x0000015e5e0c6880 nmethod 1003 0x0000015e3ddd3d90 code [0x0000015e3ddd3f60, 0x0000015e3ddd4398]
Event: 3.093 Thread 0x0000015e5e0c6880 1007       3       jdk.internal.org.objectweb.asm.Type::getReturnTypeOffset (64 bytes)
Event: 3.093 Thread 0x0000015e5e0c6880 nmethod 1007 0x0000015e3ddd4610 code [0x0000015e3ddd4940, 0x0000015e3ddd5d38]
Event: 3.093 Thread 0x0000015e5e0c6880 1005       3       jdk.internal.org.objectweb.asm.MethodWriter::visitAbstractType (8 bytes)
Event: 3.093 Thread 0x0000015e5e0c6880 nmethod 1005 0x0000015e3ddd6490 code [0x0000015e3ddd6620, 0x0000015e3ddd6758]
Event: 3.093 Thread 0x0000015e5e0c6880 1006       3       jdk.internal.org.objectweb.asm.ByteVector::put11 (52 bytes)
Event: 3.093 Thread 0x0000015e5e0c6880 nmethod 1006 0x0000015e3ddd6810 code [0x0000015e3ddd69c0, 0x0000015e3ddd6be8]
Event: 3.093 Thread 0x0000015e5e0c6880 1004       3       jdk.internal.org.objectweb.asm.MethodVisitor::<init> (88 bytes)
Event: 3.094 Thread 0x0000015e5e0c6880 nmethod 1004 0x0000015e3ddd6d10 code [0x0000015e3ddd6f60, 0x0000015e3ddd7848]
Event: 3.095 Thread 0x0000015e5e0c6880 1008       3       jdk.internal.org.objectweb.asm.Frame::accept (264 bytes)
Event: 3.095 Thread 0x0000015e5e0c6880 nmethod 1008 0x0000015e3ddd7b10 code [0x0000015e3ddd7d40, 0x0000015e3ddd8678]
Event: 3.098 Thread 0x0000015e5e0c6880 1009       3       java.lang.StringLatin1::compareTo (52 bytes)
Event: 3.098 Thread 0x0000015e5e0c6880 nmethod 1009 0x0000015e3ddd8a10 code [0x0000015e3ddd8be0, 0x0000015e3ddd8fb8]
Event: 3.165 Thread 0x0000015e5e0c6880 1010       1       java.util.concurrent.locks.AbstractQueuedSynchronizer::setState (6 bytes)
Event: 3.165 Thread 0x0000015e5e0c6880 nmethod 1010 0x0000015e45745c10 code [0x0000015e45745da0, 0x0000015e45745e78]

GC Heap History (2 events):
Event: 0.718 GC heap before
{Heap before GC invocations=0 (full 0):
 garbage-first heap   total 258048K, used 24576K [0x0000000705200000, 0x0000000800000000)
  region size 2048K, 11 young (22528K), 0 survivors (0K)
 Metaspace       used 11073K, committed 11264K, reserved 1114112K
  class space    used 1150K, committed 1216K, reserved 1048576K
}
Event: 0.722 GC heap after
{Heap after GC invocations=1 (full 0):
 garbage-first heap   total 258048K, used 10062K [0x0000000705200000, 0x0000000800000000)
  region size 2048K, 2 young (4096K), 2 survivors (4096K)
 Metaspace       used 11073K, committed 11264K, reserved 1114112K
  class space    used 1150K, committed 1216K, reserved 1048576K
}

Dll operation events (2 events):
Event: 0.007 Loaded shared library C:\Program Files\Android\Android Studio1\jbr\bin\java.dll
Event: 0.104 Loaded shared library C:\Program Files\Android\Android Studio1\jbr\bin\verify.dll

Deoptimization events (20 events):
Event: 3.011 Thread 0x0000015e3a711fa0 DEOPT PACKING pc=0x0000015e3dca3465 sp=0x00000021499fbff0
Event: 3.011 Thread 0x0000015e3a711fa0 DEOPT UNPACKING pc=0x0000015e45197143 sp=0x00000021499fb440 mode 0
Event: 3.068 Thread 0x0000015e3a711fa0 Uncommon trap: trap_request=0xffffffc6 fr.pc=0x0000015e4573bb14 relative=0x00000000000005b4
Event: 3.068 Thread 0x0000015e3a711fa0 Uncommon trap: reason=bimorphic_or_optimized_type_check action=maybe_recompile pc=0x0000015e4573bb14 method=java.util.concurrent.ConcurrentHashMap.get(Ljava/lang/Object;)Ljava/lang/Object; @ 149 c2
Event: 3.068 Thread 0x0000015e3a711fa0 DEOPT PACKING pc=0x0000015e4573bb14 sp=0x00000021499fb420
Event: 3.068 Thread 0x0000015e3a711fa0 DEOPT UNPACKING pc=0x0000015e451969a3 sp=0x00000021499fb3c0 mode 2
Event: 3.068 Thread 0x0000015e3a711fa0 Uncommon trap: trap_request=0xffffffc6 fr.pc=0x0000015e4573bb14 relative=0x00000000000005b4
Event: 3.068 Thread 0x0000015e3a711fa0 Uncommon trap: reason=bimorphic_or_optimized_type_check action=maybe_recompile pc=0x0000015e4573bb14 method=java.util.concurrent.ConcurrentHashMap.get(Ljava/lang/Object;)Ljava/lang/Object; @ 149 c2
Event: 3.068 Thread 0x0000015e3a711fa0 DEOPT PACKING pc=0x0000015e4573bb14 sp=0x00000021499fb420
Event: 3.068 Thread 0x0000015e3a711fa0 DEOPT UNPACKING pc=0x0000015e451969a3 sp=0x00000021499fb3c0 mode 2
Event: 3.068 Thread 0x0000015e3a711fa0 Uncommon trap: trap_request=0xffffffc6 fr.pc=0x0000015e4573bb14 relative=0x00000000000005b4
Event: 3.068 Thread 0x0000015e3a711fa0 Uncommon trap: reason=bimorphic_or_optimized_type_check action=maybe_recompile pc=0x0000015e4573bb14 method=java.util.concurrent.ConcurrentHashMap.get(Ljava/lang/Object;)Ljava/lang/Object; @ 149 c2
Event: 3.068 Thread 0x0000015e3a711fa0 DEOPT PACKING pc=0x0000015e4573bb14 sp=0x00000021499fb420
Event: 3.068 Thread 0x0000015e3a711fa0 DEOPT UNPACKING pc=0x0000015e451969a3 sp=0x00000021499fb3c0 mode 2
Event: 3.068 Thread 0x0000015e3a711fa0 Uncommon trap: trap_request=0xffffffc6 fr.pc=0x0000015e4573bb14 relative=0x00000000000005b4
Event: 3.068 Thread 0x0000015e3a711fa0 Uncommon trap: reason=bimorphic_or_optimized_type_check action=maybe_recompile pc=0x0000015e4573bb14 method=java.util.concurrent.ConcurrentHashMap.get(Ljava/lang/Object;)Ljava/lang/Object; @ 149 c2
Event: 3.068 Thread 0x0000015e3a711fa0 DEOPT PACKING pc=0x0000015e4573bb14 sp=0x00000021499fb420
Event: 3.068 Thread 0x0000015e3a711fa0 DEOPT UNPACKING pc=0x0000015e451969a3 sp=0x00000021499fb3c0 mode 2
Event: 3.089 Thread 0x0000015e3a711fa0 DEOPT PACKING pc=0x0000015e3dcf8848 sp=0x00000021499fa4c0
Event: 3.089 Thread 0x0000015e3a711fa0 DEOPT UNPACKING pc=0x0000015e45197143 sp=0x00000021499f99d8 mode 0

Classes unloaded (0 events):
No events

Classes redefined (0 events):
No events

Internal exceptions (13 events):
Event: 0.205 Thread 0x0000015e3a711fa0 Exception <a 'java/lang/NoSuchMethodError'{0x0000000714b85000}: 'int java.lang.invoke.DirectMethodHandle$Holder.invokeStaticInit(java.lang.Object, java.lang.Object)'> (0x0000000714b85000) 
thrown [s\src\hotspot\share\interpreter\linkResolver.cpp, line 771]
Event: 0.670 Thread 0x0000015e3a711fa0 Exception <a 'java/lang/NoSuchMethodError'{0x00000007138a5538}: 'void java.lang.invoke.DirectMethodHandle$Holder.invokeStatic(java.lang.Object, java.lang.Object)'> (0x00000007138a5538) 
thrown [s\src\hotspot\share\interpreter\linkResolver.cpp, line 771]
Event: 0.691 Thread 0x0000015e3a711fa0 Exception <a 'java/lang/NoClassDefFoundError'{0x000000071392d8d0}: org/slf4j/impl/StaticMarkerBinder> (0x000000071392d8d0) 
thrown [s\src\hotspot\share\classfile\systemDictionary.cpp, line 245]
Event: 0.711 Thread 0x0000015e3a711fa0 Exception <a 'java/lang/NoSuchMethodError'{0x00000007139c9908}: 'java.lang.Object java.lang.invoke.DirectMethodHandle$Holder.invokeVirtual(java.lang.Object, java.lang.Object, java.lang.Object, java.lang.Object, java.lang.Object, java.lang.Object, java.lang.Object)'> (0x00000007139c9908) 
thrown [s\src\hotspot\share\interpreter\linkResolver.cpp, line 771]
Event: 0.713 Thread 0x0000015e3a711fa0 Exception <a 'java/lang/NoSuchMethodError'{0x00000007139daf08}: 'java.lang.Object java.lang.invoke.Invokers$Holder.invoker(java.lang.Object, java.lang.Object, java.lang.Object)'> (0x00000007139daf08) 
thrown [s\src\hotspot\share\interpreter\linkResolver.cpp, line 771]
Event: 0.715 Thread 0x0000015e3a711fa0 Exception <a 'java/lang/NoSuchMethodError'{0x00000007139e3fb0}: 'java.lang.Object java.lang.invoke.DirectMethodHandle$Holder.invokeStatic(java.lang.Object, java.lang.Object, int)'> (0x00000007139e3fb0) 
thrown [s\src\hotspot\share\interpreter\linkResolver.cpp, line 771]
Event: 0.716 Thread 0x0000015e3a711fa0 Exception <a 'java/lang/NoSuchMethodError'{0x00000007139efca0}: 'void java.lang.invoke.DelegatingMethodHandle$Holder.delegate(java.lang.Object, java.lang.Object, int, java.lang.Object)'> (0x00000007139efca0) 
thrown [s\src\hotspot\share\interpreter\linkResolver.cpp, line 771]
Event: 0.716 Thread 0x0000015e3a711fa0 Exception <a 'java/lang/NoSuchMethodError'{0x00000007139f3de8}: 'int java.lang.invoke.DirectMethodHandle$Holder.invokeSpecial(java.lang.Object, java.lang.Object, java.lang.Object)'> (0x00000007139f3de8) 
thrown [s\src\hotspot\share\interpreter\linkResolver.cpp, line 771]
Event: 0.723 Thread 0x0000015e3a711fa0 Exception <a 'java/lang/NoSuchMethodError'{0x0000000714c07448}: 'java.lang.Object java.lang.invoke.Invokers$Holder.invokeExact_MT(java.lang.Object, java.lang.Object, java.lang.Object, java.lang.Object)'> (0x0000000714c07448) 
thrown [s\src\hotspot\share\interpreter\linkResolver.cpp, line 771]
Event: 2.900 Thread 0x0000015e3a711fa0 Exception <a 'java/lang/NoSuchMethodError'{0x000000071489c7d0}: 'void java.lang.invoke.DirectMethodHandle$Holder.invokeSpecial(java.lang.Object, java.lang.Object, java.lang.Object)'> (0x000000071489c7d0) 
thrown [s\src\hotspot\share\interpreter\linkResolver.cpp, line 771]
Event: 2.940 Thread 0x0000015e3a711fa0 Implicit null exception at 0x0000015e4572928e to 0x0000015e45729828
Event: 2.940 Thread 0x0000015e3a711fa0 Implicit null exception at 0x0000015e4571cd0d to 0x0000015e4571d2a8
Event: 2.986 Thread 0x0000015e3a711fa0 Exception <a 'java/lang/NoSuchMethodError'{0x000000071463d2e0}: 'java.lang.Object java.lang.invoke.DirectMethodHandle$Holder.invokeStaticInit(java.lang.Object)'> (0x000000071463d2e0) 
thrown [s\src\hotspot\share\interpreter\linkResolver.cpp, line 771]

VM Operations (13 events):
Event: 0.099 Executing VM operation: HandshakeAllThreads
Event: 0.099 Executing VM operation: HandshakeAllThreads done
Event: 0.715 Executing VM operation: HandshakeAllThreads
Event: 0.715 Executing VM operation: HandshakeAllThreads done
Event: 0.717 Executing VM operation: G1CollectForAllocation
Event: 0.722 Executing VM operation: G1CollectForAllocation done
Event: 1.727 Executing VM operation: Cleanup
Event: 1.807 Executing VM operation: Cleanup done
Event: 3.072 Executing VM operation: HandshakeAllThreads
Event: 3.072 Executing VM operation: HandshakeAllThreads done
Event: 3.072 Executing VM operation: Cleanup
Event: 3.073 Executing VM operation: Cleanup done
Event: 4.074 Executing VM operation: Cleanup

Events (20 events):
Event: 3.083 loading class java/lang/invoke/VarHandleLongs$FieldInstanceReadWrite
Event: 3.083 loading class java/lang/invoke/VarHandleLongs$FieldInstanceReadOnly
Event: 3.084 loading class java/lang/invoke/VarHandleLongs$FieldInstanceReadOnly done
Event: 3.084 loading class java/lang/invoke/VarHandleLongs$FieldInstanceReadWrite done
Event: 3.084 loading class java/util/concurrent/atomic/Striped64$1
Event: 3.084 loading class java/util/concurrent/atomic/Striped64$1 done
Event: 3.088 loading class java/io/StreamCorruptedException
Event: 3.088 loading class java/io/StreamCorruptedException done
Event: 3.091 loading class java/util/concurrent/ConcurrentSkipListMap$EntrySet
Event: 3.091 loading class java/util/concurrent/ConcurrentSkipListMap$EntrySet done
Event: 3.091 loading class java/util/concurrent/ConcurrentSkipListMap$EntryIterator
Event: 3.091 loading class java/util/concurrent/ConcurrentSkipListMap$Iter
Event: 3.091 loading class java/util/concurrent/ConcurrentSkipListMap$Iter done
Event: 3.091 loading class java/util/concurrent/ConcurrentSkipListMap$EntryIterator done
Event: 3.091 loading class java/util/AbstractMap$SimpleImmutableEntry
Event: 3.091 loading class java/util/AbstractMap$SimpleImmutableEntry done
Event: 3.091 loading class java/util/LinkedHashMap$LinkedEntrySet
Event: 3.091 loading class java/util/LinkedHashMap$LinkedEntrySet done
Event: 3.091 loading class java/util/LinkedHashMap$LinkedEntryIterator
Event: 3.091 loading class java/util/LinkedHashMap$LinkedEntryIterator done


Dynamic libraries:
0x00007ff7e1320000 - 0x00007ff7e132a000 	C:\Program Files\Android\Android Studio1\jbr\bin\java.exe
0x00007ffb3f9c0000 - 0x00007ffb3fc20000 	C:\WINDOWS\SYSTEM32\ntdll.dll
0x00007ffb3eef0000 - 0x00007ffb3efb7000 	C:\WINDOWS\System32\KERNEL32.DLL
0x00007ffb3cdb0000 - 0x00007ffb3d17a000 	C:\WINDOWS\System32\KERNELBASE.dll
0x00007ffb3cc60000 - 0x00007ffb3cdab000 	C:\WINDOWS\System32\ucrtbase.dll
0x00007ffb26de0000 - 0x00007ffb26df7000 	C:\Program Files\Android\Android Studio1\jbr\bin\jli.dll
0x00007ffb27a60000 - 0x00007ffb27a7b000 	C:\Program Files\Android\Android Studio1\jbr\bin\VCRUNTIME140.dll
0x00007ffb3e440000 - 0x00007ffb3e60c000 	C:\WINDOWS\System32\USER32.dll
0x00007ffb3cba0000 - 0x00007ffb3cbc7000 	C:\WINDOWS\System32\win32u.dll
0x00007ffb1a830000 - 0x00007ffb1aac7000 	C:\WINDOWS\WinSxS\amd64_microsoft.windows.common-controls_6595b64144ccf1df_6.0.26100.3624_none_3e086962e3345f24\COMCTL32.dll
0x00007ffb3efc0000 - 0x00007ffb3efea000 	C:\WINDOWS\System32\GDI32.dll
0x00007ffb3d230000 - 0x00007ffb3d361000 	C:\WINDOWS\System32\gdi32full.dll
0x00007ffb3e6a0000 - 0x00007ffb3e749000 	C:\WINDOWS\System32\msvcrt.dll
0x00007ffb3d180000 - 0x00007ffb3d223000 	C:\WINDOWS\System32\msvcp_win.dll
0x00007ffb3f0f0000 - 0x00007ffb3f11f000 	C:\WINDOWS\System32\IMM32.DLL
0x00007ffb28af0000 - 0x00007ffb28afc000 	C:\Program Files\Android\Android Studio1\jbr\bin\vcruntime140_1.dll
0x00007ffb0e260000 - 0x00007ffb0e2ed000 	C:\Program Files\Android\Android Studio1\jbr\bin\msvcp140.dll
0x00007ffabaac0000 - 0x00007ffabb743000 	C:\Program Files\Android\Android Studio1\jbr\bin\server\jvm.dll
0x00007ffb3ee30000 - 0x00007ffb3eee2000 	C:\WINDOWS\System32\ADVAPI32.dll
0x00007ffb3dc60000 - 0x00007ffb3dd06000 	C:\WINDOWS\System32\sechost.dll
0x00007ffb3f7c0000 - 0x00007ffb3f8d6000 	C:\WINDOWS\System32\RPCRT4.dll
0x00007ffb3c9f0000 - 0x00007ffb3ca4e000 	C:\WINDOWS\SYSTEM32\POWRPROF.dll
0x00007ffb14130000 - 0x00007ffb1413a000 	C:\WINDOWS\SYSTEM32\WSOCK32.dll
0x00007ffb3f900000 - 0x00007ffb3f974000 	C:\WINDOWS\System32\WS2_32.dll
0x00007ffb33f20000 - 0x00007ffb33f56000 	C:\WINDOWS\SYSTEM32\WINMM.dll
0x00007ffb2b220000 - 0x00007ffb2b22b000 	C:\WINDOWS\SYSTEM32\VERSION.dll
0x00007ffb3c9d0000 - 0x00007ffb3c9e4000 	C:\WINDOWS\SYSTEM32\UMPDC.dll
0x00007ffb3b990000 - 0x00007ffb3b9aa000 	C:\WINDOWS\SYSTEM32\kernel.appcore.dll
0x00007ffb2cb50000 - 0x00007ffb2cb5a000 	C:\Program Files\Android\Android Studio1\jbr\bin\jimage.dll
0x00007ffb3a540000 - 0x00007ffb3a781000 	C:\WINDOWS\SYSTEM32\DBGHELP.DLL
0x00007ffb3f130000 - 0x00007ffb3f4b2000 	C:\WINDOWS\System32\combase.dll
0x00007ffb3f6e0000 - 0x00007ffb3f7b6000 	C:\WINDOWS\System32\OLEAUT32.dll
0x00007ffafec30000 - 0x00007ffafec69000 	C:\WINDOWS\SYSTEM32\dbgcore.DLL
0x00007ffb3d5b0000 - 0x00007ffb3d649000 	C:\WINDOWS\System32\bcryptPrimitives.dll
0x00007ffb26f10000 - 0x00007ffb26f35000 	C:\Program Files\Android\Android Studio1\jbr\bin\java.dll
0x00007ffb26ef0000 - 0x00007ffb26f08000 	C:\Program Files\Android\Android Studio1\jbr\bin\zip.dll
0x00007ffb3dd10000 - 0x00007ffb3e439000 	C:\WINDOWS\System32\SHELL32.dll
0x00007ffb3d650000 - 0x00007ffb3d7b8000 	C:\WINDOWS\System32\wintypes.dll
0x00007ffb3a800000 - 0x00007ffb3b052000 	C:\WINDOWS\SYSTEM32\windows.storage.dll
0x00007ffb3daa0000 - 0x00007ffb3db8d000 	C:\WINDOWS\System32\SHCORE.dll
0x00007ffb3e750000 - 0x00007ffb3e7b4000 	C:\WINDOWS\System32\shlwapi.dll
0x00007ffb3cab0000 - 0x00007ffb3cadf000 	C:\WINDOWS\SYSTEM32\profapi.dll
0x00007ffb26e90000 - 0x00007ffb26ea9000 	C:\Program Files\Android\Android Studio1\jbr\bin\net.dll
0x00007ffb339b0000 - 0x00007ffb33acd000 	C:\WINDOWS\SYSTEM32\WINHTTP.dll
0x00007ffb3bed0000 - 0x00007ffb3bf3a000 	C:\WINDOWS\system32\mswsock.dll
0x00007ffb26e00000 - 0x00007ffb26e16000 	C:\Program Files\Android\Android Studio1\jbr\bin\nio.dll
0x00007ffb281d0000 - 0x00007ffb281e0000 	C:\Program Files\Android\Android Studio1\jbr\bin\verify.dll
0x00007ffb1a070000 - 0x00007ffb1a097000 	C:\Users\egov-\.gradle\native\c067742578af261105cb4f569cf0c3c89f3d7b1fecec35dd04571415982c5e48\windows-amd64\native-platform.dll
0x00007ffb287c0000 - 0x00007ffb287c9000 	C:\Program Files\Android\Android Studio1\jbr\bin\management.dll
0x00007ffb286e0000 - 0x00007ffb286eb000 	C:\Program Files\Android\Android Studio1\jbr\bin\management_ext.dll
0x00007ffb3f620000 - 0x00007ffb3f628000 	C:\WINDOWS\System32\PSAPI.DLL

dbghelp: loaded successfully - version: 4.0.5 - missing functions: none
symbol engine: initialized successfully - sym options: 0x614 - pdb path: .;C:\Program Files\Android\Android Studio1\jbr\bin;C:\WINDOWS\SYSTEM32;C:\WINDOWS\WinSxS\amd64_microsoft.windows.common-controls_6595b64144ccf1df_6.0.26100.3624_none_3e086962e3345f24;C:\Program Files\Android\Android Studio1\jbr\bin\server;C:\Users\egov-\.gradle\native\c067742578af261105cb4f569cf0c3c89f3d7b1fecec35dd04571415982c5e48\windows-amd64

VM Arguments:
jvm_args: -Dorg.gradle.appname=gradlew 
java_command: org.gradle.wrapper.GradleWrapperMain -q -Ptarget-platform=android-arm64 -Ptarget=C:\Users\egov-\Documents\eGov Projects\external\plotrol\lib\main.dart -Pbase-application-name=android.app.Application -Pdart-defines=Zmx1dHRlci5pbnNwZWN0b3Iuc3RydWN0dXJlZEVycm9ycz10cnVl,RkxVVFRFUl9XRUJfQ0FOVkFTS0lUX1VSTD1odHRwczovL3d3dy5nc3RhdGljLmNvbS9mbHV0dGVyLWNhbnZhc2tpdC9lZGQ4NTQ2MTE2NDU3YmRmMWM1YmRmYjEzZWNiOTQ2M2QyYmI1ZWQ0Lw==,RkxVVFRFUl9BUFBfRkxBVk9SPWRldg== -Pdart-obfuscation=false -Ptrack-widget-creation=true -Ptree-shake-icons=false -Pfilesystem-scheme=org-dartlang-root assembleDevDebug
java_class_path (initial): C:\Users\egov-\Documents\eGov Projects\external\plotrol\android\\gradle\wrapper\gradle-wrapper.jar
Launcher Type: SUN_STANDARD

[Global flags]
     intx CICompilerCount                          = 4                                         {product} {ergonomic}
     uint ConcGCThreads                            = 3                                         {product} {ergonomic}
     uint G1ConcRefinementThreads                  = 10                                        {product} {ergonomic}
   size_t G1HeapRegionSize                         = 2097152                                   {product} {ergonomic}
    uintx GCDrainStackTargetSize                   = 64                                        {product} {ergonomic}
   size_t InitialHeapSize                          = 264241152                                 {product} {ergonomic}
   size_t MarkStackSize                            = 4194304                                   {product} {ergonomic}
   size_t MaxHeapSize                              = 4208984064                                {product} {ergonomic}
   size_t MaxNewSize                               = 2524971008                                {product} {ergonomic}
   size_t MinHeapDeltaBytes                        = 2097152                                   {product} {ergonomic}
   size_t MinHeapSize                              = 8388608                                   {product} {ergonomic}
    uintx NonNMethodCodeHeapSize                   = 5839372                                {pd product} {ergonomic}
    uintx NonProfiledCodeHeapSize                  = 122909434                              {pd product} {ergonomic}
    uintx ProfiledCodeHeapSize                     = 122909434                              {pd product} {ergonomic}
    uintx ReservedCodeCacheSize                    = 251658240                              {pd product} {ergonomic}
     bool SegmentedCodeCache                       = true                                      {product} {ergonomic}
   size_t SoftMaxHeapSize                          = 4208984064                             {manageable} {ergonomic}
     bool UseCompressedClassPointers               = true                           {product lp64_product} {ergonomic}
     bool UseCompressedOops                        = true                           {product lp64_product} {ergonomic}
     bool UseG1GC                                  = true                                      {product} {ergonomic}
     bool UseLargePagesIndividualAllocation        = false                                  {pd product} {ergonomic}

Logging:
Log output configuration:
 #0: stdout all=warning uptime,level,tags
 #1: stderr all=off uptime,level,tags

Environment Variables:
JAVA_HOME=C:\Program Files\Android\Android Studio1\jbr
CLASSPATH=C:\Users\egov-\Documents\eGov Projects\external\plotrol\android\\gradle\wrapper\gradle-wrapper.jar
PATH=C:\Program Files\Android\Android Studio1\jbr\bin;C:\Program Files\Common Files\Oracle\Java\javapath;C:\Program Files (x86)\Common Files\Oracle\Java\java8path;C:\Program Files (x86)\Common Files\Oracle\Java\javapath;C:\WINDOWS\system32;C:\WINDOWS;C:\WINDOWS\System32\Wbem;C:\WINDOWS\System32\WindowsPowerShell\v1.0\;C:\WINDOWS\System32\OpenSSH\;C:\Program Files\Git\cmd;C:\src-3.22.2\flutter\bin;C:\Users\egov-\AppData\Roaming\nvm;C:\Program Files\nodejs;C:\Users\egov-\AppData\Local\Pub\Cache\bin;C:\Users\egov-\AppData\Local\Microsoft\WindowsApps;C:\Users\egov-\AppData\Local\GitHubDesktop\bin;C:\Users\egov-\AppData\Local\Programs\Microsoft VS Code\bin;C:\Users\egov-\AppData\Roaming\npm;C:\Program Files\nodejs\node_modules\npm\bin;C:\adb;C:\Users\egov-\.kube;C:\Program Files\HP\HP One Agent;C:\Program Files\Amazon\AWSCLIV2\;C:\ProgramData\chocolatey\bin;C:\Program Files\Docker\Docker\resources\bin;C:\Program Files\Java\jdk-17\bin;C:\Program Files\Android\Android Studio\jre\bin;C:\WINDOWS\system32;C:\WINDOWS;C:\WINDOWS\System32\Wbem;C:\WINDOWS\System32\WindowsPowerShell\v1.0\;C:\WINDOWS\System32\OpenSSH\;C:\Users\egov-\AppData\Local\Programs\Python\Python313\Scripts\;C:\Users\egov-\AppData\Local\Programs\Python\Python313\;C:\Users\egov-\AppData\Local\Microsoft\WindowsApps;C:\Users\egov-\AppData\Local\GitHubDesktop\bin;C:\Users\egov-\AppData\Local\Programs\Microsoft VS Code\bin;C:\src-3.22.2\flutter\bin;C:\Users\egov-\AppData\Roaming\npm;C:\Users\egov-\AppData\Roaming\nvm;C:\Program Files\nodejs;C:\Program Files\nodejs;C:\Program Files\nodejs\node_modules\npm\bin;C:\Users\egov-\AppData\Local\Pub\Cache\bin;C:\Program Files\JetBrains\IntelliJ IDEA 2023.3.3\bin;;C:\Users\egov-;C:\tools\dart-sdk\bin;C:\Program Files\JetBrains\IntelliJ IDEA Community Edition 2024.2.1\bin;;C:\Program Files\Java\jdk-17\bin;C:\Program Files\Android\Android Studio\jre\bin;;C:\src-3.22.2\flutter\bin\mingit\cmd
USERNAME=egov-
OS=Windows_NT
PROCESSOR_IDENTIFIER=Intel64 Family 6 Model 154 Stepping 4, GenuineIntel
TMP=C:\Users\egov-\AppData\Local\Temp
TEMP=C:\Users\egov-\AppData\Local\Temp



Periodic native trim disabled

JNI global refs:
JNI global refs: 8, weak refs: 0

JNI global refs memory usage: 843, weak refs: 209

OOME stack traces (most recent first):
Classloader memory used:
Loader bootstrap                                                                       : 1317K
Loader org.gradle.internal.classloader.VisitableURLClassLoader                         : 405K
Loader java.net.URLClassLoader                                                         : 26124B
Loader jdk.internal.loader.ClassLoaders$AppClassLoader                                 : 18431B

Classes loaded by more than one classloader:
Class org.gradle.internal.installation.GradleInstallation                             : loaded 2 times (x 73B)
Class org.gradle.cli.ParsedCommandLine                                                : loaded 2 times (x 78B)
Class org.gradle.api.Action                                                           : loaded 2 times (x 68B)
Class org.gradle.cli.CommandLineParser$OptionString                                   : loaded 2 times (x 71B)
Class org.gradle.internal.installation.GradleInstallation$1                           : loaded 2 times (x 73B)
Class org.gradle.cli.CommandLineParser$AfterOptions                                   : loaded 2 times (x 75B)
Class org.gradle.cli.CommandLineParser$AfterFirstSubCommand                           : loaded 2 times (x 75B)
Class org.gradle.internal.service.UnknownServiceException                             : loaded 2 times (x 81B)
Class org.gradle.api.GradleException                                                  : loaded 2 times (x 80B)
Class org.gradle.api.internal.classpath.ModuleRegistry                                : loaded 2 times (x 68B)
Class org.gradle.cli.CommandLineParser$KnownOptionParserState                         : loaded 2 times (x 74B)
Class org.gradle.cli.AbstractPropertiesCommandLineConverter                           : loaded 2 times (x 81B)
Class org.gradle.api.specs.Spec                                                       : loaded 2 times (x 68B)
Class org.gradle.cli.SystemPropertiesCommandLineConverter                             : loaded 2 times (x 81B)
Class org.gradle.internal.IoActions                                                   : loaded 2 times (x 69B)
Class org.gradle.internal.installation.CurrentGradleInstallation                      : loaded 2 times (x 71B)
Class org.gradle.internal.installation.CurrentGradleInstallationLocator               : loaded 2 times (x 69B)
Class org.gradle.api.Transformer                                                      : loaded 2 times (x 68B)
Class org.gradle.cli.CommandLineParser                                                : loaded 2 times (x 77B)
Class org.gradle.cli.CommandLineParser$BeforeFirstSubCommand                          : loaded 2 times (x 75B)
Class org.gradle.cli.CommandLineOption                                                : loaded 2 times (x 84B)
Class org.gradle.cli.CommandLineParser$ParserState                                    : loaded 2 times (x 74B)
Class org.gradle.cli.CommandLineParser$MissingOptionArgState                          : loaded 2 times (x 75B)
Class org.gradle.api.UncheckedIOException                                             : loaded 2 times (x 80B)
Class org.gradle.cli.ParsedCommandLineOption                                          : loaded 2 times (x 74B)
Class org.gradle.internal.classloader.ClasspathUtil                                   : loaded 2 times (x 69B)
Class org.gradle.cli.CommandLineParser$UnknownOptionParserState                       : loaded 2 times (x 74B)
Class org.gradle.internal.service.ServiceLookupException                              : loaded 2 times (x 80B)
Class org.gradle.cli.CommandLineParser$OptionAwareParserState                         : loaded 2 times (x 75B)
Class org.gradle.cli.CommandLineParser$OptionParserState                              : loaded 2 times (x 73B)
Class org.gradle.internal.Cast                                                        : loaded 2 times (x 69B)
Class org.gradle.cli.CommandLineConverter                                             : loaded 2 times (x 68B)
Class org.gradle.cli.AbstractCommandLineConverter                                     : loaded 2 times (x 77B)
Class org.gradle.cli.CommandLineArgumentException                                     : loaded 2 times (x 80B)


---------------  S Y S T E M  ---------------

OS:
 Windows 11 , 64 bit Build 26100 (10.0.26100.3775)
OS uptime: 18 days 17:20 hours
Hyper-V role detected

CPU: total 12 (initial active 12) (6 cores per cpu, 2 threads per core) family 6 model 154 stepping 4 microcode 0x42c, cx8, cmov, fxsr, ht, mmx, 3dnowpref, sse, sse2, sse3, ssse3, sse4.1, sse4.2, popcnt, lzcnt, tsc, tscinvbit, avx, avx2, aes, erms, clmul, bmi1, bmi2, adx, sha, fma, vzeroupper, clflush, clflushopt, clwb, hv
Processor Information for processor 0
  Max Mhz: 1700, Current Mhz: 1700, Mhz Limit: 1700
Processor Information for processor 1
  Max Mhz: 1700, Current Mhz: 1700, Mhz Limit: 1700
Processor Information for processor 2
  Max Mhz: 1700, Current Mhz: 1700, Mhz Limit: 1700
Processor Information for processor 3
  Max Mhz: 1700, Current Mhz: 1700, Mhz Limit: 1700
Processor Information for processor 4
  Max Mhz: 1700, Current Mhz: 1200, Mhz Limit: 1190
Processor Information for processor 5
  Max Mhz: 1700, Current Mhz: 1200, Mhz Limit: 1190
Processor Information for processor 6
  Max Mhz: 1700, Current Mhz: 1200, Mhz Limit: 1190
Processor Information for processor 7
  Max Mhz: 1700, Current Mhz: 1200, Mhz Limit: 1190
Processor Information for processor 8
  Max Mhz: 1700, Current Mhz: 1200, Mhz Limit: 1190
Processor Information for processor 9
  Max Mhz: 1700, Current Mhz: 1200, Mhz Limit: 1190
Processor Information for processor 10
  Max Mhz: 1700, Current Mhz: 1200, Mhz Limit: 1190
Processor Information for processor 11
  Max Mhz: 1700, Current Mhz: 1200, Mhz Limit: 1190

Memory: 4k page, system-wide physical 16052M (1035M free)
TotalPageFile size 65204M (AvailPageFile size 7M)
current process WorkingSet (physical memory assigned to process): 86M, peak: 89M
current process commit charge ("private bytes"): 357M, peak: 360M

vm_info: OpenJDK 64-Bit Server VM (17.0.10+0--11609105) for windows-amd64 JRE (17.0.10+0--11609105), built on Mar 21 2024 19:10:56 by "androidbuild" with MS VC++ 16.10 / 16.11 (VS2019)

END.
